[2024-08-02 16:58:16,038] [autoreload.py:266] [autoreload:trigger_reload] [INFO]- /Users/huk/TuRelay/backend/backend/settings.py changed, reloading.
[2024-08-02 16:58:16,391] [autoreload.py:668] [autoreload:run_with_reloader] [INFO]- Watching for file changes with StatReloader
[2024-08-02 16:59:02,536] [autoreload.py:266] [autoreload:trigger_reload] [INFO]- /Users/huk/TuRelay/backend/backend/settings.py changed, reloading.
[2024-08-02 16:59:02,875] [autoreload.py:668] [autoreload:run_with_reloader] [INFO]- Watching for file changes with StatReloader
[2024-08-02 17:01:13,164] [log.py:241] [log:log_response] [WARNING]- Forbidden: /api/users/
[2024-08-02 17:01:13,165] [log.py:241] [log:log_response] [WARNING]- Forbidden: /api/roles_permissions/
[2024-08-02 17:01:13,165] [basehttp.py:212] [basehttp:log_message] [WARNING]- "GET /api/users/?username=&email=&page=1&page_size=10 HTTP/1.1" 403 27
[2024-08-02 17:01:13,165] [basehttp.py:212] [basehttp:log_message] [WARNING]- "GET /api/roles_permissions/ HTTP/1.1" 403 27
[2024-08-02 17:01:18,369] [basehttp.py:212] [basehttp:log_message] [INFO]- "POST /api/login/ HTTP/1.1" 200 635
[2024-08-02 17:01:24,092] [basehttp.py:212] [basehttp:log_message] [INFO]- "GET /api/roles_permissions/ HTTP/1.1" 200 154
[2024-08-02 17:01:24,106] [basehttp.py:212] [basehttp:log_message] [INFO]- "GET /api/users/?username=&email=&page=1&page_size=10 HTTP/1.1" 200 722
[2024-08-02 17:01:35,802] [basehttp.py:212] [basehttp:log_message] [INFO]- "POST /api/users/test/reset_password/ HTTP/1.1" 200 31
[2024-08-02 17:01:43,833] [basehttp.py:212] [basehttp:log_message] [INFO]- "POST /api/login/ HTTP/1.1" 200 635
[2024-08-02 17:01:48,213] [basehttp.py:212] [basehttp:log_message] [INFO]- "GET /api/roles_permissions/ HTTP/1.1" 200 154
[2024-08-02 17:01:48,237] [basehttp.py:212] [basehttp:log_message] [INFO]- "GET /api/users/?username=&email=&page=1&page_size=10 HTTP/1.1" 200 722
[2024-08-02 17:02:05,941] [basehttp.py:212] [basehttp:log_message] [INFO]- "OPTIONS /api/users/create/ HTTP/1.1" 200 0
[2024-08-02 17:02:06,185] [basehttp.py:212] [basehttp:log_message] [INFO]- "POST /api/users/create/ HTTP/1.1" 201 31
[2024-08-02 17:02:06,242] [basehttp.py:212] [basehttp:log_message] [INFO]- "GET /api/users/?username=&email=&page=1&page_size=10 HTTP/1.1" 200 950
[2024-08-02 17:09:48,470] [basehttp.py:212] [basehttp:log_message] [INFO]- "GET /api/roles_permissions/ HTTP/1.1" 200 154
[2024-08-02 17:09:48,502] [basehttp.py:212] [basehttp:log_message] [INFO]- "GET /api/users/?username=&email=&page=1&page_size=10 HTTP/1.1" 200 950
[2024-08-02 17:09:53,313] [basehttp.py:212] [basehttp:log_message] [INFO]- "GET /api/roles_permissions/ HTTP/1.1" 200 154
[2024-08-02 17:09:53,330] [basehttp.py:212] [basehttp:log_message] [INFO]- "GET /api/users/?username=&email=&page=1&page_size=10 HTTP/1.1" 200 950
[2024-08-02 17:10:18,629] [basehttp.py:212] [basehttp:log_message] [INFO]- "GET /api/roles_permissions/ HTTP/1.1" 200 154
[2024-08-02 17:10:18,679] [basehttp.py:212] [basehttp:log_message] [INFO]- "GET /api/users/?username=&email=&page=1&page_size=10 HTTP/1.1" 200 950
[2024-08-02 17:10:25,617] [basehttp.py:212] [basehttp:log_message] [INFO]- "GET /api/roles_permissions/ HTTP/1.1" 200 154
[2024-08-02 17:10:25,634] [basehttp.py:212] [basehttp:log_message] [INFO]- "GET /api/users/?username=&email=&page=1&page_size=10 HTTP/1.1" 200 950
[2024-08-02 17:10:32,860] [basehttp.py:212] [basehttp:log_message] [INFO]- "GET /api/roles_permissions/ HTTP/1.1" 200 154
[2024-08-02 17:10:32,878] [basehttp.py:212] [basehttp:log_message] [INFO]- "GET /api/users/?username=&email=&page=1&page_size=10 HTTP/1.1" 200 950
[2024-08-02 17:10:39,693] [basehttp.py:212] [basehttp:log_message] [INFO]- "GET /api/roles_permissions/ HTTP/1.1" 200 154
[2024-08-02 17:10:39,710] [basehttp.py:212] [basehttp:log_message] [INFO]- "GET /api/users/?username=&email=&page=1&page_size=10 HTTP/1.1" 200 950
[2024-08-02 17:10:43,270] [basehttp.py:212] [basehttp:log_message] [INFO]- "GET /api/roles_permissions/ HTTP/1.1" 200 154
[2024-08-02 17:10:43,310] [basehttp.py:212] [basehttp:log_message] [INFO]- "GET /api/users/?username=&email=&page=1&page_size=10 HTTP/1.1" 200 950
[2024-08-02 17:10:56,914] [basehttp.py:212] [basehttp:log_message] [INFO]- "GET /api/roles_permissions/ HTTP/1.1" 200 154
[2024-08-02 17:10:56,953] [basehttp.py:212] [basehttp:log_message] [INFO]- "GET /api/users/?username=&email=&page=1&page_size=10 HTTP/1.1" 200 950
[2024-08-02 17:10:57,643] [basehttp.py:212] [basehttp:log_message] [INFO]- "GET /api/roles_permissions/ HTTP/1.1" 200 154
[2024-08-02 17:10:57,673] [basehttp.py:212] [basehttp:log_message] [INFO]- "GET /api/users/?username=&email=&page=1&page_size=10 HTTP/1.1" 200 950
[2024-08-02 17:16:59,680] [basehttp.py:212] [basehttp:log_message] [INFO]- "GET /api/roles_permissions/ HTTP/1.1" 200 154
[2024-08-02 17:16:59,730] [basehttp.py:212] [basehttp:log_message] [INFO]- "GET /api/users/?username=&email=&page=1&page_size=10 HTTP/1.1" 200 950
[2024-08-02 17:17:04,765] [basehttp.py:212] [basehttp:log_message] [INFO]- "GET /api/roles_permissions/ HTTP/1.1" 200 154
[2024-08-02 17:17:04,785] [basehttp.py:212] [basehttp:log_message] [INFO]- "GET /api/users/?username=&email=&page=1&page_size=10 HTTP/1.1" 200 950
[2024-08-02 17:17:13,100] [basehttp.py:212] [basehttp:log_message] [INFO]- "GET /api/roles_permissions/ HTTP/1.1" 200 154
[2024-08-02 17:17:13,120] [basehttp.py:212] [basehttp:log_message] [INFO]- "GET /api/users/?username=&email=&page=1&page_size=10 HTTP/1.1" 200 950
[2024-08-02 17:17:17,389] [basehttp.py:212] [basehttp:log_message] [INFO]- "GET /api/roles_permissions/ HTTP/1.1" 200 154
[2024-08-02 17:17:17,445] [basehttp.py:212] [basehttp:log_message] [INFO]- "GET /api/users/?username=&email=&page=1&page_size=10 HTTP/1.1" 200 950
[2024-08-02 17:17:43,647] [autoreload.py:266] [autoreload:trigger_reload] [INFO]- /Users/huk/TuRelay/backend/apps/middleware_log.py changed, reloading.
[2024-08-02 17:17:44,005] [autoreload.py:668] [autoreload:run_with_reloader] [INFO]- Watching for file changes with StatReloader
[2024-08-02 17:17:49,415] [basehttp.py:212] [basehttp:log_message] [INFO]- "GET /api/roles_permissions/ HTTP/1.1" 200 154
[2024-08-02 17:17:49,479] [basehttp.py:212] [basehttp:log_message] [INFO]- "GET /api/users/?username=&email=&page=1&page_size=10 HTTP/1.1" 200 950
[2024-08-02 17:18:38,040] [basehttp.py:212] [basehttp:log_message] [INFO]- "GET /api/roles_permissions/ HTTP/1.1" 200 154
[2024-08-02 17:18:38,068] [basehttp.py:212] [basehttp:log_message] [INFO]- "GET /api/users/?username=&email=&page=1&page_size=10 HTTP/1.1" 200 950
[2024-08-02 17:18:42,111] [basehttp.py:212] [basehttp:log_message] [INFO]- "GET /api/roles_permissions/ HTTP/1.1" 200 154
[2024-08-02 17:18:42,140] [basehttp.py:212] [basehttp:log_message] [INFO]- "GET /api/users/?username=&email=&page=1&page_size=10 HTTP/1.1" 200 950
[2024-08-02 17:18:59,272] [basehttp.py:212] [basehttp:log_message] [INFO]- "GET /api/roles_permissions/ HTTP/1.1" 200 154
[2024-08-02 17:18:59,298] [basehttp.py:212] [basehttp:log_message] [INFO]- "GET /api/users/?username=&email=&page=1&page_size=10 HTTP/1.1" 200 950
[2024-08-02 17:19:00,622] [basehttp.py:212] [basehttp:log_message] [INFO]- "GET /api/roles_permissions/ HTTP/1.1" 200 154
[2024-08-02 17:19:00,640] [basehttp.py:212] [basehttp:log_message] [INFO]- "GET /api/users/?username=&email=&page=1&page_size=10 HTTP/1.1" 200 950
[2024-08-02 17:19:49,808] [basehttp.py:212] [basehttp:log_message] [INFO]- "GET /api/roles_permissions/ HTTP/1.1" 200 154
[2024-08-02 17:19:49,836] [basehttp.py:212] [basehttp:log_message] [INFO]- "GET /api/users/?username=&email=&page=1&page_size=10 HTTP/1.1" 200 950
[2024-08-02 17:22:22,428] [basehttp.py:212] [basehttp:log_message] [INFO]- "GET /api/roles_permissions/ HTTP/1.1" 200 154
[2024-08-02 17:22:22,454] [basehttp.py:212] [basehttp:log_message] [INFO]- "GET /api/users/?username=&email=&page=1&page_size=10 HTTP/1.1" 200 950
[2024-08-02 17:22:27,206] [basehttp.py:212] [basehttp:log_message] [INFO]- "GET /api/roles_permissions/ HTTP/1.1" 200 154
[2024-08-02 17:22:27,225] [basehttp.py:212] [basehttp:log_message] [INFO]- "GET /api/users/?username=&email=&page=1&page_size=10 HTTP/1.1" 200 950
[2024-08-02 17:24:05,221] [basehttp.py:212] [basehttp:log_message] [INFO]- "GET /api/roles_permissions/ HTTP/1.1" 200 154
[2024-08-02 17:24:05,236] [basehttp.py:212] [basehttp:log_message] [INFO]- "GET /api/users/?username=&email=&page=1&page_size=10 HTTP/1.1" 200 950
[2024-08-02 17:24:19,578] [basehttp.py:212] [basehttp:log_message] [INFO]- "GET /api/roles_permissions/ HTTP/1.1" 200 154
[2024-08-02 17:24:19,618] [basehttp.py:212] [basehttp:log_message] [INFO]- "GET /api/roles_permissions/ HTTP/1.1" 200 154
[2024-08-02 17:24:19,632] [basehttp.py:212] [basehttp:log_message] [INFO]- "GET /api/users/?username=&email=&page=1&page_size=10 HTTP/1.1" 200 950
[2024-08-02 17:24:19,696] [basehttp.py:212] [basehttp:log_message] [INFO]- "GET /api/users/?username=&email=&page=1&page_size=10 HTTP/1.1" 200 950
[2024-08-02 17:24:49,383] [basehttp.py:212] [basehttp:log_message] [INFO]- "GET /api/roles_permissions/ HTTP/1.1" 200 154
[2024-08-02 17:24:49,416] [basehttp.py:212] [basehttp:log_message] [INFO]- "GET /api/users/?username=&email=&page=1&page_size=10 HTTP/1.1" 200 950
[2024-08-02 17:27:12,001] [basehttp.py:212] [basehttp:log_message] [INFO]- "GET /api/roles_permissions/ HTTP/1.1" 200 154
[2024-08-02 17:27:12,038] [basehttp.py:212] [basehttp:log_message] [INFO]- "GET /api/users/?username=&email=&page=1&page_size=10 HTTP/1.1" 200 950
[2024-08-02 17:27:18,795] [basehttp.py:212] [basehttp:log_message] [INFO]- "GET /api/roles_permissions/ HTTP/1.1" 200 154
[2024-08-02 17:27:18,822] [basehttp.py:212] [basehttp:log_message] [INFO]- "GET /api/users/?username=&email=&page=1&page_size=10 HTTP/1.1" 200 950
[2024-08-02 17:27:22,221] [basehttp.py:212] [basehttp:log_message] [INFO]- "GET /api/roles_permissions/ HTTP/1.1" 200 154
[2024-08-02 17:27:22,239] [basehttp.py:212] [basehttp:log_message] [INFO]- "GET /api/users/?username=&email=&page=1&page_size=10 HTTP/1.1" 200 950
[2024-08-02 17:27:26,624] [basehttp.py:212] [basehttp:log_message] [INFO]- "GET /api/roles_permissions/ HTTP/1.1" 200 154
[2024-08-02 17:27:26,682] [basehttp.py:212] [basehttp:log_message] [INFO]- "GET /api/users/?username=&email=&page=1&page_size=10 HTTP/1.1" 200 950
[2024-08-02 17:29:04,693] [basehttp.py:212] [basehttp:log_message] [INFO]- "GET /api/roles_permissions/ HTTP/1.1" 200 154
[2024-08-02 17:29:04,709] [basehttp.py:212] [basehttp:log_message] [INFO]- "GET /api/users/?username=&email=&page=1&page_size=10 HTTP/1.1" 200 950
[2024-08-02 17:29:09,304] [basehttp.py:212] [basehttp:log_message] [INFO]- "GET /api/roles_permissions/ HTTP/1.1" 200 154
[2024-08-02 17:29:09,332] [basehttp.py:212] [basehttp:log_message] [INFO]- "GET /api/users/?username=&email=&page=1&page_size=10 HTTP/1.1" 200 950
[2024-08-02 17:30:11,336] [basehttp.py:212] [basehttp:log_message] [INFO]- "GET /api/roles_permissions/ HTTP/1.1" 200 154
[2024-08-02 17:30:11,369] [basehttp.py:212] [basehttp:log_message] [INFO]- "GET /api/users/?username=&email=&page=1&page_size=10 HTTP/1.1" 200 950
[2024-08-02 17:32:06,456] [basehttp.py:212] [basehttp:log_message] [INFO]- "GET /api/roles_permissions/ HTTP/1.1" 200 154
[2024-08-02 17:32:06,472] [basehttp.py:212] [basehttp:log_message] [INFO]- "GET /api/users/?username=&email=&page=1&page_size=10 HTTP/1.1" 200 950
[2024-08-02 17:32:31,001] [autoreload.py:266] [autoreload:trigger_reload] [INFO]- /Users/huk/TuRelay/backend/apps/middleware_log.py changed, reloading.
[2024-08-02 17:32:31,418] [autoreload.py:668] [autoreload:run_with_reloader] [INFO]- Watching for file changes with StatReloader
[2024-08-02 17:33:27,989] [autoreload.py:668] [autoreload:run_with_reloader] [INFO]- Watching for file changes with StatReloader
[2024-08-02 17:33:34,499] [basehttp.py:212] [basehttp:log_message] [INFO]- "GET /api/roles_permissions/ HTTP/1.1" 200 154
[2024-08-02 17:33:34,522] [basehttp.py:212] [basehttp:log_message] [INFO]- "GET /api/users/?username=&email=&page=1&page_size=10 HTTP/1.1" 200 950
[2024-08-02 17:33:40,309] [basehttp.py:212] [basehttp:log_message] [INFO]- "OPTIONS /api/users/111/ HTTP/1.1" 200 0
[2024-08-02 17:34:26,730] [basehttp.py:212] [basehttp:log_message] [INFO]- "GET /api/roles_permissions/ HTTP/1.1" 200 154
[2024-08-02 17:34:26,780] [basehttp.py:212] [basehttp:log_message] [INFO]- "GET /api/users/?username=&email=&page=1&page_size=10 HTTP/1.1" 200 950
[2024-08-02 17:34:49,923] [basehttp.py:212] [basehttp:log_message] [INFO]- "GET /api/roles_permissions/ HTTP/1.1" 200 154
[2024-08-02 17:34:50,225] [basehttp.py:212] [basehttp:log_message] [INFO]- "GET /api/users/?username=&email=&page=1&page_size=10 HTTP/1.1" 200 950
[2024-08-06 13:31:01,651] [basehttp.py:212] [basehttp:log_message] [INFO]- "OPTIONS /api/login/ HTTP/1.1" 200 0
[2024-08-06 13:31:02,062] [basehttp.py:212] [basehttp:log_message] [INFO]- "POST /api/login/ HTTP/1.1" 200 635
[2024-08-06 13:31:05,285] [basehttp.py:212] [basehttp:log_message] [INFO]- "OPTIONS /api/users/?username=&email=&page=1&page_size=10 HTTP/1.1" 200 0
[2024-08-06 13:31:05,287] [basehttp.py:212] [basehttp:log_message] [INFO]- "OPTIONS /api/roles_permissions/ HTTP/1.1" 200 0
[2024-08-06 13:31:05,334] [basehttp.py:212] [basehttp:log_message] [INFO]- "GET /api/roles_permissions/ HTTP/1.1" 200 154
[2024-08-06 13:31:05,371] [basehttp.py:212] [basehttp:log_message] [INFO]- "GET /api/users/?username=&email=&page=1&page_size=10 HTTP/1.1" 200 950
[2024-08-06 13:31:12,211] [basehttp.py:212] [basehttp:log_message] [INFO]- "OPTIONS /api/login_logs/?username=&client_ip=&page=1&page_size=10 HTTP/1.1" 200 0
[2024-08-06 13:31:12,252] [basehttp.py:212] [basehttp:log_message] [INFO]- "GET /api/login_logs/?username=&client_ip=&page=1&page_size=10 HTTP/1.1" 200 1847
[2024-08-06 14:05:37,822] [basehttp.py:212] [basehttp:log_message] [INFO]- "GET /api/login_logs/?username=&client_ip=&page=1&page_size=10 HTTP/1.1" 200 1847
[2024-08-06 14:05:39,307] [basehttp.py:212] [basehttp:log_message] [INFO]- "GET /api/roles_permissions/ HTTP/1.1" 200 154
[2024-08-06 14:05:39,341] [basehttp.py:212] [basehttp:log_message] [INFO]- "GET /api/users/?username=&email=&page=1&page_size=10 HTTP/1.1" 200 950
[2024-08-06 14:06:06,710] [basehttp.py:212] [basehttp:log_message] [INFO]- "OPTIONS /api/users/111/ HTTP/1.1" 200 0
[2024-08-06 14:06:15,352] [basehttp.py:212] [basehttp:log_message] [INFO]- "GET /api/roles_permissions/ HTTP/1.1" 200 154
[2024-08-06 14:06:15,371] [basehttp.py:212] [basehttp:log_message] [INFO]- "GET /api/users/?username=&email=&page=1&page_size=10 HTTP/1.1" 200 950
[2024-08-06 14:06:29,854] [basehttp.py:212] [basehttp:log_message] [INFO]- "GET /api/roles_permissions/ HTTP/1.1" 200 154
[2024-08-06 14:06:29,875] [basehttp.py:212] [basehttp:log_message] [INFO]- "GET /api/users/?username=&email=&page=1&page_size=10 HTTP/1.1" 200 950
[2024-08-06 14:06:38,311] [basehttp.py:212] [basehttp:log_message] [INFO]- "GET /api/roles_permissions/ HTTP/1.1" 200 154
[2024-08-06 14:06:38,351] [basehttp.py:212] [basehttp:log_message] [INFO]- "GET /api/users/?username=&email=&page=1&page_size=10 HTTP/1.1" 200 950
[2024-08-06 14:06:45,462] [basehttp.py:212] [basehttp:log_message] [INFO]- "GET /api/roles_permissions/ HTTP/1.1" 200 154
[2024-08-06 14:06:45,489] [basehttp.py:212] [basehttp:log_message] [INFO]- "GET /api/users/?username=&email=&page=1&page_size=10 HTTP/1.1" 200 950
[2024-08-06 14:06:49,105] [basehttp.py:212] [basehttp:log_message] [INFO]- "GET /api/roles_permissions/ HTTP/1.1" 200 154
[2024-08-06 14:06:49,122] [basehttp.py:212] [basehttp:log_message] [INFO]- "GET /api/users/?username=&email=&page=1&page_size=10 HTTP/1.1" 200 950
[2024-08-06 14:07:17,892] [basehttp.py:212] [basehttp:log_message] [INFO]- "GET /api/roles_permissions/ HTTP/1.1" 200 154
[2024-08-06 14:07:17,914] [basehttp.py:212] [basehttp:log_message] [INFO]- "GET /api/users/?username=&email=&page=1&page_size=10 HTTP/1.1" 200 950
[2024-08-06 14:07:18,984] [basehttp.py:212] [basehttp:log_message] [INFO]- "GET /api/roles_permissions/ HTTP/1.1" 200 154
[2024-08-06 14:07:19,006] [basehttp.py:212] [basehttp:log_message] [INFO]- "GET /api/users/?username=&email=&page=1&page_size=10 HTTP/1.1" 200 950
[2024-08-06 14:07:22,096] [basehttp.py:212] [basehttp:log_message] [INFO]- "GET /api/roles_permissions/ HTTP/1.1" 200 154
[2024-08-06 14:07:22,118] [basehttp.py:212] [basehttp:log_message] [INFO]- "GET /api/users/?username=&email=&page=1&page_size=10 HTTP/1.1" 200 950
[2024-08-06 14:07:26,325] [basehttp.py:212] [basehttp:log_message] [INFO]- "GET /api/roles_permissions/ HTTP/1.1" 200 154
[2024-08-06 14:07:26,348] [basehttp.py:212] [basehttp:log_message] [INFO]- "GET /api/users/?username=&email=&page=1&page_size=10 HTTP/1.1" 200 950
[2024-08-06 14:10:02,553] [basehttp.py:212] [basehttp:log_message] [INFO]- "GET /api/roles_permissions/ HTTP/1.1" 200 154
[2024-08-06 14:10:02,594] [basehttp.py:212] [basehttp:log_message] [INFO]- "GET /api/users/?username=&email=&page=1&page_size=10 HTTP/1.1" 200 950
[2024-08-06 14:21:08,771] [basehttp.py:212] [basehttp:log_message] [INFO]- "GET /api/roles_permissions/ HTTP/1.1" 200 154
[2024-08-06 14:21:08,819] [basehttp.py:212] [basehttp:log_message] [INFO]- "GET /api/users/?username=&email=&page=1&page_size=10 HTTP/1.1" 200 950
[2024-08-06 14:22:30,237] [autoreload.py:266] [autoreload:trigger_reload] [INFO]- /Users/huk/TuRelay/backend/apps/middleware_log.py changed, reloading.
[2024-08-06 14:22:30,641] [autoreload.py:668] [autoreload:run_with_reloader] [INFO]- Watching for file changes with StatReloader
[2024-08-06 14:23:08,642] [autoreload.py:266] [autoreload:trigger_reload] [INFO]- /Users/huk/TuRelay/backend/apps/middleware_log.py changed, reloading.
[2024-08-06 14:23:08,957] [autoreload.py:668] [autoreload:run_with_reloader] [INFO]- Watching for file changes with StatReloader
[2024-08-06 14:23:12,329] [autoreload.py:266] [autoreload:trigger_reload] [INFO]- /Users/huk/TuRelay/backend/apps/middleware_log.py changed, reloading.
[2024-08-06 14:23:12,519] [autoreload.py:668] [autoreload:run_with_reloader] [INFO]- Watching for file changes with StatReloader
[2024-08-06 14:23:16,836] [autoreload.py:266] [autoreload:trigger_reload] [INFO]- /Users/huk/TuRelay/backend/apps/middleware_log.py changed, reloading.
[2024-08-06 14:23:17,037] [autoreload.py:668] [autoreload:run_with_reloader] [INFO]- Watching for file changes with StatReloader
[2024-08-06 14:23:30,593] [autoreload.py:266] [autoreload:trigger_reload] [INFO]- /Users/huk/TuRelay/backend/apps/middleware_log.py changed, reloading.
[2024-08-06 14:23:30,906] [autoreload.py:668] [autoreload:run_with_reloader] [INFO]- Watching for file changes with StatReloader
[2024-08-06 14:23:34,415] [autoreload.py:266] [autoreload:trigger_reload] [INFO]- /Users/huk/TuRelay/backend/apps/middleware_log.py changed, reloading.
[2024-08-06 14:23:34,616] [autoreload.py:668] [autoreload:run_with_reloader] [INFO]- Watching for file changes with StatReloader
[2024-08-06 14:23:39,966] [autoreload.py:266] [autoreload:trigger_reload] [INFO]- /Users/huk/TuRelay/backend/apps/middleware_log.py changed, reloading.
[2024-08-06 14:23:40,184] [autoreload.py:668] [autoreload:run_with_reloader] [INFO]- Watching for file changes with StatReloader
[2024-08-06 14:23:42,514] [autoreload.py:266] [autoreload:trigger_reload] [INFO]- /Users/huk/TuRelay/backend/apps/middleware_log.py changed, reloading.
[2024-08-06 14:23:42,744] [autoreload.py:668] [autoreload:run_with_reloader] [INFO]- Watching for file changes with StatReloader
[2024-08-06 14:23:46,098] [autoreload.py:266] [autoreload:trigger_reload] [INFO]- /Users/huk/TuRelay/backend/apps/middleware_log.py changed, reloading.
[2024-08-06 14:23:46,317] [autoreload.py:668] [autoreload:run_with_reloader] [INFO]- Watching for file changes with StatReloader
[2024-08-06 14:28:52,301] [autoreload.py:668] [autoreload:run_with_reloader] [INFO]- Watching for file changes with StatReloader
[2024-08-06 14:29:01,530] [basehttp.py:212] [basehttp:log_message] [INFO]- "GET /api/roles_permissions/ HTTP/1.1" 200 154
[2024-08-06 14:29:01,565] [basehttp.py:212] [basehttp:log_message] [INFO]- "GET /api/users/?username=&email=&page=1&page_size=10 HTTP/1.1" 200 950
[2024-08-06 14:33:19,535] [basehttp.py:212] [basehttp:log_message] [INFO]- "GET /api/roles_permissions/ HTTP/1.1" 200 154
[2024-08-06 14:33:19,577] [basehttp.py:212] [basehttp:log_message] [INFO]- "GET /api/users/?username=&email=&page=1&page_size=10 HTTP/1.1" 200 950
[2024-08-06 14:33:25,915] [basehttp.py:212] [basehttp:log_message] [INFO]- "GET /api/roles_permissions/ HTTP/1.1" 200 154
[2024-08-06 14:33:25,931] [basehttp.py:212] [basehttp:log_message] [INFO]- "GET /api/users/?username=&email=&page=1&page_size=10 HTTP/1.1" 200 950
[2024-08-06 14:33:27,258] [basehttp.py:212] [basehttp:log_message] [INFO]- "GET /api/roles_permissions/ HTTP/1.1" 200 154
[2024-08-06 14:33:27,281] [basehttp.py:212] [basehttp:log_message] [INFO]- "GET /api/users/?username=&email=&page=1&page_size=10 HTTP/1.1" 200 950
[2024-08-06 14:33:39,156] [basehttp.py:212] [basehttp:log_message] [INFO]- "GET /api/roles_permissions/ HTTP/1.1" 200 154
[2024-08-06 14:33:39,178] [basehttp.py:212] [basehttp:log_message] [INFO]- "GET /api/users/?username=&email=&page=1&page_size=10 HTTP/1.1" 200 950
[2024-08-06 14:33:55,237] [basehttp.py:212] [basehttp:log_message] [INFO]- "GET /api/roles_permissions/ HTTP/1.1" 200 154
[2024-08-06 14:33:55,261] [basehttp.py:212] [basehttp:log_message] [INFO]- "GET /api/users/?username=&email=&page=1&page_size=10 HTTP/1.1" 200 950
[2024-08-06 14:34:07,522] [log.py:241] [log:log_response] [ERROR]- Internal Server Error: /api/login/
Traceback (most recent call last):
  File "/Users/huk/Library/Python/3.9/lib/python/site-packages/django/core/handlers/exception.py", line 55, in inner
    response = get_response(request)
  File "/Users/huk/Library/Python/3.9/lib/python/site-packages/django/core/handlers/base.py", line 185, in _get_response
    response = middleware_method(
  File "/Users/huk/TuRelay/backend/apps/middleware_log.py", line 16, in process_view
    self.user = self.get_authenticated_user(request)
  File "/Users/huk/TuRelay/backend/apps/middleware_log.py", line 51, in get_authenticated_user
    user, _ = CustomTokenAuthentication().authenticate(request)
  File "/Users/huk/TuRelay/backend/apps/utils.py", line 27, in authenticate
    raise AuthenticationFailed('未提供Token')
rest_framework.exceptions.AuthenticationFailed: 未提供Token
[2024-08-06 14:34:07,528] [basehttp.py:212] [basehttp:log_message] [ERROR]- "POST /api/login/ HTTP/1.1" 500 75306
[2024-08-06 14:34:38,982] [log.py:241] [log:log_response] [ERROR]- Internal Server Error: /api/login/
Traceback (most recent call last):
  File "/Users/huk/Library/Python/3.9/lib/python/site-packages/django/core/handlers/exception.py", line 55, in inner
    response = get_response(request)
  File "/Users/huk/Library/Python/3.9/lib/python/site-packages/django/core/handlers/base.py", line 185, in _get_response
    response = middleware_method(
  File "/Users/huk/TuRelay/backend/apps/middleware_log.py", line 16, in process_view
    self.user = self.get_authenticated_user(request)
  File "/Users/huk/TuRelay/backend/apps/middleware_log.py", line 51, in get_authenticated_user
    user, _ = CustomTokenAuthentication().authenticate(request)
  File "/Users/huk/TuRelay/backend/apps/utils.py", line 27, in authenticate
    raise AuthenticationFailed('未提供Token')
rest_framework.exceptions.AuthenticationFailed: 未提供Token
[2024-08-06 14:34:38,983] [basehttp.py:212] [basehttp:log_message] [ERROR]- "POST /api/login/ HTTP/1.1" 500 75306
[2024-08-06 14:34:44,171] [log.py:241] [log:log_response] [ERROR]- Internal Server Error: /api/login/
Traceback (most recent call last):
  File "/Users/huk/Library/Python/3.9/lib/python/site-packages/django/core/handlers/exception.py", line 55, in inner
    response = get_response(request)
  File "/Users/huk/Library/Python/3.9/lib/python/site-packages/django/core/handlers/base.py", line 185, in _get_response
    response = middleware_method(
  File "/Users/huk/TuRelay/backend/apps/middleware_log.py", line 16, in process_view
    self.user = self.get_authenticated_user(request)
  File "/Users/huk/TuRelay/backend/apps/middleware_log.py", line 51, in get_authenticated_user
    user, _ = CustomTokenAuthentication().authenticate(request)
  File "/Users/huk/TuRelay/backend/apps/utils.py", line 27, in authenticate
    raise AuthenticationFailed('未提供Token')
rest_framework.exceptions.AuthenticationFailed: 未提供Token
[2024-08-06 14:34:44,171] [basehttp.py:212] [basehttp:log_message] [ERROR]- "POST /api/login/ HTTP/1.1" 500 75306
[2024-08-06 14:34:48,910] [autoreload.py:668] [autoreload:run_with_reloader] [INFO]- Watching for file changes with StatReloader
[2024-08-06 14:34:52,345] [log.py:241] [log:log_response] [ERROR]- Internal Server Error: /api/login/
Traceback (most recent call last):
  File "/Users/huk/Library/Python/3.9/lib/python/site-packages/django/core/handlers/exception.py", line 55, in inner
    response = get_response(request)
  File "/Users/huk/Library/Python/3.9/lib/python/site-packages/django/core/handlers/base.py", line 185, in _get_response
    response = middleware_method(
  File "/Users/huk/TuRelay/backend/apps/middleware_log.py", line 16, in process_view
    self.user = self.get_authenticated_user(request)
  File "/Users/huk/TuRelay/backend/apps/middleware_log.py", line 51, in get_authenticated_user
    user, _ = CustomTokenAuthentication().authenticate(request)
  File "/Users/huk/TuRelay/backend/apps/utils.py", line 27, in authenticate
    raise AuthenticationFailed('未提供Token')
rest_framework.exceptions.AuthenticationFailed: 未提供Token
[2024-08-06 14:34:52,347] [basehttp.py:212] [basehttp:log_message] [ERROR]- "POST /api/login/ HTTP/1.1" 500 75306
[2024-08-06 14:35:16,706] [autoreload.py:266] [autoreload:trigger_reload] [INFO]- /Users/huk/TuRelay/backend/apps/middleware_log.py changed, reloading.
[2024-08-06 14:35:16,985] [autoreload.py:668] [autoreload:run_with_reloader] [INFO]- Watching for file changes with StatReloader
[2024-08-06 14:35:27,476] [autoreload.py:266] [autoreload:trigger_reload] [INFO]- /Users/huk/TuRelay/backend/apps/middleware_log.py changed, reloading.
[2024-08-06 14:35:28,192] [autoreload.py:668] [autoreload:run_with_reloader] [INFO]- Watching for file changes with StatReloader
[2024-08-06 14:35:31,131] [log.py:241] [log:log_response] [ERROR]- Internal Server Error: /api/login/
Traceback (most recent call last):
  File "/Users/huk/Library/Python/3.9/lib/python/site-packages/django/core/handlers/exception.py", line 55, in inner
    response = get_response(request)
  File "/Users/huk/Library/Python/3.9/lib/python/site-packages/django/core/handlers/base.py", line 185, in _get_response
    response = middleware_method(
  File "/Users/huk/TuRelay/backend/apps/middleware_log.py", line 19, in process_view
    self.user = self.get_authenticated_user(request)
  File "/Users/huk/TuRelay/backend/apps/middleware_log.py", line 54, in get_authenticated_user
    user, _ = CustomTokenAuthentication().authenticate(request)
  File "/Users/huk/TuRelay/backend/apps/utils.py", line 27, in authenticate
    raise AuthenticationFailed('未提供Token')
rest_framework.exceptions.AuthenticationFailed: 未提供Token
[2024-08-06 14:35:31,134] [basehttp.py:212] [basehttp:log_message] [ERROR]- "POST /api/login/ HTTP/1.1" 500 75303
[2024-08-06 14:35:38,058] [autoreload.py:266] [autoreload:trigger_reload] [INFO]- /Users/huk/TuRelay/backend/apps/middleware_log.py changed, reloading.
[2024-08-06 14:35:38,382] [autoreload.py:668] [autoreload:run_with_reloader] [INFO]- Watching for file changes with StatReloader
[2024-08-06 14:38:31,875] [log.py:241] [log:log_response] [ERROR]- Internal Server Error: /api/login/
Traceback (most recent call last):
  File "/Users/huk/Library/Python/3.9/lib/python/site-packages/django/core/handlers/exception.py", line 55, in inner
    response = get_response(request)
  File "/Users/huk/Library/Python/3.9/lib/python/site-packages/django/core/handlers/base.py", line 185, in _get_response
    response = middleware_method(
  File "/Users/huk/TuRelay/backend/apps/middleware_log.py", line 16, in process_view
    self.user = self.get_authenticated_user(request)
  File "/Users/huk/TuRelay/backend/apps/middleware_log.py", line 51, in get_authenticated_user
    user, _ = CustomTokenAuthentication().authenticate(request)
  File "/Users/huk/TuRelay/backend/apps/utils.py", line 27, in authenticate
    raise AuthenticationFailed('未提供Token')
rest_framework.exceptions.AuthenticationFailed: 未提供Token
[2024-08-06 14:38:31,878] [basehttp.py:212] [basehttp:log_message] [ERROR]- "POST /api/login/ HTTP/1.1" 500 75306
[2024-08-06 14:42:32,265] [autoreload.py:266] [autoreload:trigger_reload] [INFO]- /Users/huk/TuRelay/backend/apps/middleware_log.py changed, reloading.
[2024-08-06 14:42:32,592] [autoreload.py:668] [autoreload:run_with_reloader] [INFO]- Watching for file changes with StatReloader
[2024-08-06 14:42:34,896] [autoreload.py:266] [autoreload:trigger_reload] [INFO]- /Users/huk/TuRelay/backend/apps/middleware_log.py changed, reloading.
[2024-08-06 14:42:35,103] [autoreload.py:668] [autoreload:run_with_reloader] [INFO]- Watching for file changes with StatReloader
[2024-08-06 14:42:38,640] [basehttp.py:212] [basehttp:log_message] [INFO]- "POST /api/login/ HTTP/1.1" 200 635
[2024-08-06 14:42:43,961] [log.py:241] [log:log_response] [ERROR]- Internal Server Error: /api/users/
Traceback (most recent call last):
  File "/Users/huk/Library/Python/3.9/lib/python/site-packages/django/core/handlers/exception.py", line 55, in inner
    response = get_response(request)
  File "/Users/huk/Library/Python/3.9/lib/python/site-packages/django/core/handlers/base.py", line 185, in _get_response
    response = middleware_method(
  File "/Users/huk/TuRelay/backend/apps/middleware_log.py", line 20, in process_view
    self.user = self.get_authenticated_user(request)
  File "/Users/huk/TuRelay/backend/apps/middleware_log.py", line 55, in get_authenticated_user
    user, _ = CustomTokenAuthentication().authenticate(request)
NameError: name 'CustomTokenAuthentication' is not defined
[2024-08-06 14:42:43,967] [log.py:241] [log:log_response] [ERROR]- Internal Server Error: /api/roles_permissions/
Traceback (most recent call last):
  File "/Users/huk/Library/Python/3.9/lib/python/site-packages/django/core/handlers/exception.py", line 55, in inner
    response = get_response(request)
  File "/Users/huk/Library/Python/3.9/lib/python/site-packages/django/core/handlers/base.py", line 185, in _get_response
    response = middleware_method(
  File "/Users/huk/TuRelay/backend/apps/middleware_log.py", line 20, in process_view
    self.user = self.get_authenticated_user(request)
  File "/Users/huk/TuRelay/backend/apps/middleware_log.py", line 55, in get_authenticated_user
    user, _ = CustomTokenAuthentication().authenticate(request)
NameError: name 'CustomTokenAuthentication' is not defined
[2024-08-06 14:42:43,968] [basehttp.py:212] [basehttp:log_message] [ERROR]- "GET /api/users/?username=&email=&page=1&page_size=10 HTTP/1.1" 500 72990
[2024-08-06 14:42:43,968] [basehttp.py:212] [basehttp:log_message] [ERROR]- "GET /api/roles_permissions/ HTTP/1.1" 500 72118
[2024-08-06 14:43:28,297] [log.py:241] [log:log_response] [ERROR]- Internal Server Error: /api/login_logs/
Traceback (most recent call last):
  File "/Users/huk/Library/Python/3.9/lib/python/site-packages/django/core/handlers/exception.py", line 55, in inner
    response = get_response(request)
  File "/Users/huk/Library/Python/3.9/lib/python/site-packages/django/core/handlers/base.py", line 185, in _get_response
    response = middleware_method(
  File "/Users/huk/TuRelay/backend/apps/middleware_log.py", line 20, in process_view
    self.user = self.get_authenticated_user(request)
  File "/Users/huk/TuRelay/backend/apps/middleware_log.py", line 55, in get_authenticated_user
    user, _ = CustomTokenAuthentication().authenticate(request)
NameError: name 'CustomTokenAuthentication' is not defined
[2024-08-06 14:43:28,304] [basehttp.py:212] [basehttp:log_message] [ERROR]- "GET /api/login_logs/?username=&client_ip=&page=1&page_size=10 HTTP/1.1" 500 73077
[2024-08-06 14:43:40,129] [log.py:241] [log:log_response] [ERROR]- Internal Server Error: /api/login_logs/
Traceback (most recent call last):
  File "/Users/huk/Library/Python/3.9/lib/python/site-packages/django/core/handlers/exception.py", line 55, in inner
    response = get_response(request)
  File "/Users/huk/Library/Python/3.9/lib/python/site-packages/django/core/handlers/base.py", line 185, in _get_response
    response = middleware_method(
  File "/Users/huk/TuRelay/backend/apps/middleware_log.py", line 20, in process_view
    self.user = self.get_authenticated_user(request)
  File "/Users/huk/TuRelay/backend/apps/middleware_log.py", line 55, in get_authenticated_user
    user, _ = CustomTokenAuthentication().authenticate(request)
NameError: name 'CustomTokenAuthentication' is not defined
[2024-08-06 14:43:40,129] [basehttp.py:212] [basehttp:log_message] [ERROR]- "GET /api/login_logs/?username=&client_ip=&page=1&page_size=10 HTTP/1.1" 500 73077
[2024-08-06 14:44:06,953] [autoreload.py:266] [autoreload:trigger_reload] [INFO]- /Users/huk/TuRelay/backend/apps/middleware_log.py changed, reloading.
[2024-08-06 14:44:07,353] [autoreload.py:668] [autoreload:run_with_reloader] [INFO]- Watching for file changes with StatReloader
[2024-08-06 14:44:10,725] [autoreload.py:266] [autoreload:trigger_reload] [INFO]- /Users/huk/TuRelay/backend/apps/middleware_log.py changed, reloading.
[2024-08-06 14:44:10,918] [autoreload.py:668] [autoreload:run_with_reloader] [INFO]- Watching for file changes with StatReloader
[2024-08-06 14:44:14,218] [autoreload.py:266] [autoreload:trigger_reload] [INFO]- /Users/huk/TuRelay/backend/apps/middleware_log.py changed, reloading.
[2024-08-06 14:44:14,420] [autoreload.py:668] [autoreload:run_with_reloader] [INFO]- Watching for file changes with StatReloader
[2024-08-06 14:44:29,639] [autoreload.py:266] [autoreload:trigger_reload] [INFO]- /Users/huk/TuRelay/backend/apps/middleware_log.py changed, reloading.
[2024-08-06 14:44:29,945] [autoreload.py:668] [autoreload:run_with_reloader] [INFO]- Watching for file changes with StatReloader
[2024-08-06 14:44:36,344] [autoreload.py:266] [autoreload:trigger_reload] [INFO]- /Users/huk/TuRelay/backend/apps/middleware_log.py changed, reloading.
[2024-08-06 14:44:36,662] [autoreload.py:668] [autoreload:run_with_reloader] [INFO]- Watching for file changes with StatReloader
[2024-08-06 14:44:41,259] [basehttp.py:212] [basehttp:log_message] [INFO]- "GET /api/login_logs/?username=&client_ip=&page=1&page_size=10 HTTP/1.1" 200 1850
[2024-08-06 14:44:44,927] [basehttp.py:212] [basehttp:log_message] [INFO]- "GET /api/roles_permissions/ HTTP/1.1" 200 154
[2024-08-06 14:44:44,964] [basehttp.py:212] [basehttp:log_message] [INFO]- "GET /api/users/?username=&email=&page=1&page_size=10 HTTP/1.1" 200 950
[2024-08-06 14:44:48,581] [basehttp.py:212] [basehttp:log_message] [INFO]- "OPTIONS /api/users/111/ HTTP/1.1" 200 0
[2024-08-06 14:45:01,846] [basehttp.py:212] [basehttp:log_message] [INFO]- "OPTIONS /api/users/111/ HTTP/1.1" 200 0
[2024-08-06 14:57:25,526] [autoreload.py:266] [autoreload:trigger_reload] [INFO]- /Users/huk/TuRelay/backend/backend/settings.py changed, reloading.
[2024-08-06 14:57:25,871] [autoreload.py:668] [autoreload:run_with_reloader] [INFO]- Watching for file changes with StatReloader
[2024-08-06 14:57:30,295] [autoreload.py:266] [autoreload:trigger_reload] [INFO]- /Users/huk/TuRelay/backend/backend/settings.py changed, reloading.
[2024-08-06 14:57:30,631] [autoreload.py:668] [autoreload:run_with_reloader] [INFO]- Watching for file changes with StatReloader
[2024-08-06 14:57:40,159] [autoreload.py:266] [autoreload:trigger_reload] [INFO]- /Users/huk/TuRelay/backend/backend/settings.py changed, reloading.
[2024-08-06 14:59:19,314] [autoreload.py:668] [autoreload:run_with_reloader] [INFO]- Watching for file changes with StatReloader
[2024-08-06 14:59:24,395] [basehttp.py:212] [basehttp:log_message] [INFO]- "GET /api/roles_permissions/ HTTP/1.1" 200 154
[2024-08-06 14:59:24,425] [basehttp.py:212] [basehttp:log_message] [INFO]- "GET /api/users/?username=&email=&page=1&page_size=10 HTTP/1.1" 200 950
[2024-08-06 14:59:28,391] [basehttp.py:212] [basehttp:log_message] [INFO]- "OPTIONS /api/users/111/ HTTP/1.1" 200 0
[2024-08-06 15:00:03,143] [basehttp.py:212] [basehttp:log_message] [INFO]- "GET /api/roles_permissions/ HTTP/1.1" 200 154
[2024-08-06 15:00:03,170] [basehttp.py:212] [basehttp:log_message] [INFO]- "GET /api/users/?username=&email=&page=1&page_size=10 HTTP/1.1" 200 950
[2024-08-06 15:00:05,893] [basehttp.py:212] [basehttp:log_message] [INFO]- "GET /api/roles_permissions/ HTTP/1.1" 200 154
[2024-08-06 15:00:05,913] [basehttp.py:212] [basehttp:log_message] [INFO]- "GET /api/users/?username=&email=&page=1&page_size=10 HTTP/1.1" 200 950
[2024-08-06 15:00:09,197] [basehttp.py:212] [basehttp:log_message] [INFO]- "OPTIONS /api/users/111/ HTTP/1.1" 200 0
[2024-08-06 15:00:09,253] [basehttp.py:212] [basehttp:log_message] [INFO]- "DELETE /api/users/111/ HTTP/1.1" 204 31
[2024-08-06 15:00:09,289] [basehttp.py:212] [basehttp:log_message] [INFO]- "GET /api/users/?username=&email=&page=1&page_size=10 HTTP/1.1" 200 722
[2024-08-06 15:01:11,231] [basehttp.py:212] [basehttp:log_message] [INFO]- "OPTIONS /api/users/test/update/ HTTP/1.1" 200 0
[2024-08-06 15:01:11,331] [basehttp.py:212] [basehttp:log_message] [INFO]- "PUT /api/users/test/update/ HTTP/1.1" 200 37
[2024-08-06 15:01:11,377] [basehttp.py:212] [basehttp:log_message] [INFO]- "GET /api/users/?username=&email=&page=1&page_size=10 HTTP/1.1" 200 723
[2024-08-06 15:06:29,035] [autoreload.py:266] [autoreload:trigger_reload] [INFO]- /Users/huk/TuRelay/backend/backend/settings.py changed, reloading.
[2024-08-06 15:06:29,411] [autoreload.py:668] [autoreload:run_with_reloader] [INFO]- Watching for file changes with StatReloader
[2024-08-06 15:06:31,725] [autoreload.py:266] [autoreload:trigger_reload] [INFO]- /Users/huk/TuRelay/backend/backend/settings.py changed, reloading.
[2024-08-06 15:06:32,010] [autoreload.py:668] [autoreload:run_with_reloader] [INFO]- Watching for file changes with StatReloader
[2024-08-06 15:06:38,123] [basehttp.py:212] [basehttp:log_message] [INFO]- "GET /api/roles_permissions/ HTTP/1.1" 200 154
[2024-08-06 15:06:38,152] [basehttp.py:212] [basehttp:log_message] [INFO]- "GET /api/users/?username=&email=&page=1&page_size=10 HTTP/1.1" 200 723
[2024-08-06 15:06:45,306] [basehttp.py:212] [basehttp:log_message] [INFO]- "GET /api/roles_permissions/ HTTP/1.1" 200 154
[2024-08-06 15:06:45,318] [basehttp.py:212] [basehttp:log_message] [INFO]- "GET /api/users/?username=&email=&page=1&page_size=10 HTTP/1.1" 200 723
[2024-08-06 15:16:34,630] [autoreload.py:266] [autoreload:trigger_reload] [INFO]- /Users/huk/TuRelay/backend/apps/middleware_log.py changed, reloading.
[2024-08-06 15:16:35,034] [autoreload.py:668] [autoreload:run_with_reloader] [INFO]- Watching for file changes with StatReloader
[2024-08-06 15:16:38,613] [basehttp.py:212] [basehttp:log_message] [INFO]- "OPTIONS /api/roles_permissions/ HTTP/1.1" 200 0
[2024-08-06 15:16:38,668] [log.py:241] [log:log_response] [ERROR]- Internal Server Error: /api/roles_permissions/
Traceback (most recent call last):
  File "/Users/huk/Library/Python/3.9/lib/python/site-packages/django/core/handlers/exception.py", line 55, in inner
    response = get_response(request)
  File "/Users/huk/Library/Python/3.9/lib/python/site-packages/django/core/handlers/base.py", line 185, in _get_response
    response = middleware_method(
  File "/Users/huk/TuRelay/backend/apps/middleware_log.py", line 26, in process_view
    self.user = self.get_authenticated_user(request)
  File "/Users/huk/TuRelay/backend/apps/middleware_log.py", line 64, in get_authenticated_user
    user, _ = CustomTokenAuthentication().authenticate(request)
NameError: name 'CustomTokenAuthentication' is not defined
[2024-08-06 15:16:38,675] [log.py:241] [log:log_response] [ERROR]- Internal Server Error: /api/users/
Traceback (most recent call last):
  File "/Users/huk/Library/Python/3.9/lib/python/site-packages/django/core/handlers/exception.py", line 55, in inner
    response = get_response(request)
  File "/Users/huk/Library/Python/3.9/lib/python/site-packages/django/core/handlers/base.py", line 185, in _get_response
    response = middleware_method(
  File "/Users/huk/TuRelay/backend/apps/middleware_log.py", line 26, in process_view
    self.user = self.get_authenticated_user(request)
  File "/Users/huk/TuRelay/backend/apps/middleware_log.py", line 64, in get_authenticated_user
    user, _ = CustomTokenAuthentication().authenticate(request)
NameError: name 'CustomTokenAuthentication' is not defined
[2024-08-06 15:16:38,676] [basehttp.py:212] [basehttp:log_message] [ERROR]- "GET /api/roles_permissions/ HTTP/1.1" 500 72062
[2024-08-06 15:16:38,676] [basehttp.py:212] [basehttp:log_message] [ERROR]- "GET /api/users/?username=&email=&page=1&page_size=10 HTTP/1.1" 500 72934
[2024-08-06 15:16:58,010] [autoreload.py:266] [autoreload:trigger_reload] [INFO]- /Users/huk/TuRelay/backend/apps/middleware_log.py changed, reloading.
[2024-08-06 15:16:58,279] [autoreload.py:668] [autoreload:run_with_reloader] [INFO]- Watching for file changes with StatReloader
[2024-08-06 15:17:03,633] [autoreload.py:266] [autoreload:trigger_reload] [INFO]- /Users/huk/TuRelay/backend/apps/middleware_log.py changed, reloading.
[2024-08-06 15:17:03,902] [autoreload.py:668] [autoreload:run_with_reloader] [INFO]- Watching for file changes with StatReloader
[2024-08-06 15:17:09,304] [autoreload.py:266] [autoreload:trigger_reload] [INFO]- /Users/huk/TuRelay/backend/apps/middleware_log.py changed, reloading.
[2024-08-06 15:17:09,539] [autoreload.py:668] [autoreload:run_with_reloader] [INFO]- Watching for file changes with StatReloader
[2024-08-06 15:17:11,864] [autoreload.py:266] [autoreload:trigger_reload] [INFO]- /Users/huk/TuRelay/backend/apps/middleware_log.py changed, reloading.
[2024-08-06 15:17:12,071] [autoreload.py:668] [autoreload:run_with_reloader] [INFO]- Watching for file changes with StatReloader
[2024-08-06 15:17:14,332] [basehttp.py:212] [basehttp:log_message] [INFO]- "GET /api/roles_permissions/ HTTP/1.1" 200 154
[2024-08-06 15:17:14,347] [basehttp.py:212] [basehttp:log_message] [INFO]- "GET /api/users/?username=&email=&page=1&page_size=10 HTTP/1.1" 200 723
[2024-08-06 15:17:20,570] [basehttp.py:212] [basehttp:log_message] [INFO]- "OPTIONS /api/login/ HTTP/1.1" 200 0
[2024-08-06 15:17:20,828] [basehttp.py:212] [basehttp:log_message] [INFO]- "POST /api/login/ HTTP/1.1" 200 635
[2024-08-06 15:17:25,121] [basehttp.py:212] [basehttp:log_message] [INFO]- "GET /api/roles_permissions/ HTTP/1.1" 200 154
[2024-08-06 15:17:25,144] [basehttp.py:212] [basehttp:log_message] [INFO]- "GET /api/users/?username=&email=&page=1&page_size=10 HTTP/1.1" 200 723
[2024-08-06 15:17:32,253] [basehttp.py:212] [basehttp:log_message] [INFO]- "OPTIONS /api/users/test/ HTTP/1.1" 200 0
[2024-08-06 15:17:32,301] [basehttp.py:212] [basehttp:log_message] [INFO]- "DELETE /api/users/test/ HTTP/1.1" 204 31
[2024-08-06 15:17:32,337] [basehttp.py:212] [basehttp:log_message] [INFO]- "GET /api/users/?username=&email=&page=1&page_size=10 HTTP/1.1" 200 501
[2024-08-06 15:18:22,354] [basehttp.py:212] [basehttp:log_message] [INFO]- "GET /api/roles_permissions/ HTTP/1.1" 200 154
[2024-08-06 15:18:22,370] [basehttp.py:212] [basehttp:log_message] [INFO]- "GET /api/users/?username=&email=&page=1&page_size=10 HTTP/1.1" 200 501
[2024-08-06 15:18:51,571] [basehttp.py:212] [basehttp:log_message] [INFO]- "OPTIONS /api/users/create/ HTTP/1.1" 200 0
[2024-08-06 15:18:51,863] [basehttp.py:212] [basehttp:log_message] [INFO]- "POST /api/users/create/ HTTP/1.1" 201 31
[2024-08-06 15:18:51,924] [basehttp.py:212] [basehttp:log_message] [INFO]- "GET /api/users/?username=&email=&page=1&page_size=10 HTTP/1.1" 200 722
[2024-08-06 15:19:27,906] [basehttp.py:212] [basehttp:log_message] [INFO]- "GET /api/roles_permissions/ HTTP/1.1" 200 154
[2024-08-06 15:19:27,938] [basehttp.py:212] [basehttp:log_message] [INFO]- "GET /api/users/?username=&email=&page=1&page_size=10 HTTP/1.1" 200 722
[2024-08-06 15:19:32,757] [basehttp.py:212] [basehttp:log_message] [INFO]- "PUT /api/users/test/update/ HTTP/1.1" 200 37
[2024-08-06 15:19:32,818] [basehttp.py:212] [basehttp:log_message] [INFO]- "GET /api/users/?username=&email=&page=1&page_size=10 HTTP/1.1" 200 723
[2024-08-06 15:27:10,842] [autoreload.py:266] [autoreload:trigger_reload] [INFO]- /Users/huk/TuRelay/backend/apps/middleware_log.py changed, reloading.
[2024-08-06 15:27:11,306] [autoreload.py:668] [autoreload:run_with_reloader] [INFO]- Watching for file changes with StatReloader
[2024-08-06 15:27:15,719] [autoreload.py:266] [autoreload:trigger_reload] [INFO]- /Users/huk/TuRelay/backend/apps/middleware_log.py changed, reloading.
[2024-08-06 15:27:15,930] [autoreload.py:668] [autoreload:run_with_reloader] [INFO]- Watching for file changes with StatReloader
[2024-08-06 15:27:18,221] [autoreload.py:266] [autoreload:trigger_reload] [INFO]- /Users/huk/TuRelay/backend/apps/middleware_log.py changed, reloading.
[2024-08-06 15:27:18,427] [autoreload.py:668] [autoreload:run_with_reloader] [INFO]- Watching for file changes with StatReloader
[2024-08-06 15:27:24,955] [basehttp.py:212] [basehttp:log_message] [INFO]- "GET /api/roles_permissions/ HTTP/1.1" 200 154
[2024-08-06 15:27:24,975] [basehttp.py:212] [basehttp:log_message] [INFO]- "GET /api/users/?username=&email=&page=1&page_size=10 HTTP/1.1" 200 723
[2024-08-06 15:27:37,525] [basehttp.py:212] [basehttp:log_message] [INFO]- "PUT /api/users/test/update/ HTTP/1.1" 200 37
[2024-08-06 15:27:37,598] [basehttp.py:212] [basehttp:log_message] [INFO]- "GET /api/users/?username=&email=&page=1&page_size=10 HTTP/1.1" 200 722
[2024-08-06 15:28:51,592] [basehttp.py:212] [basehttp:log_message] [INFO]- "DELETE /api/users/test/ HTTP/1.1" 204 31
[2024-08-06 15:28:51,624] [basehttp.py:212] [basehttp:log_message] [INFO]- "GET /api/users/?username=&email=&page=1&page_size=10 HTTP/1.1" 200 501
[2024-08-06 15:41:39,882] [autoreload.py:266] [autoreload:trigger_reload] [INFO]- /Users/huk/TuRelay/backend/apps/middleware_log.py changed, reloading.
[2024-08-06 15:41:40,326] [autoreload.py:668] [autoreload:run_with_reloader] [INFO]- Watching for file changes with StatReloader
[2024-08-06 15:41:43,934] [autoreload.py:266] [autoreload:trigger_reload] [INFO]- /Users/huk/TuRelay/backend/apps/middleware_log.py changed, reloading.
[2024-08-06 15:41:44,441] [autoreload.py:668] [autoreload:run_with_reloader] [INFO]- Watching for file changes with StatReloader
[2024-08-06 15:41:59,150] [autoreload.py:266] [autoreload:trigger_reload] [INFO]- /Users/huk/TuRelay/backend/apps/middleware_log.py changed, reloading.
[2024-08-06 15:41:59,464] [autoreload.py:668] [autoreload:run_with_reloader] [INFO]- Watching for file changes with StatReloader
[2024-08-06 15:42:13,986] [autoreload.py:266] [autoreload:trigger_reload] [INFO]- /Users/huk/TuRelay/backend/apps/middleware_log.py changed, reloading.
[2024-08-06 15:42:14,397] [autoreload.py:668] [autoreload:run_with_reloader] [INFO]- Watching for file changes with StatReloader
[2024-08-06 15:42:19,905] [autoreload.py:266] [autoreload:trigger_reload] [INFO]- /Users/huk/TuRelay/backend/apps/middleware_log.py changed, reloading.
[2024-08-06 15:42:20,388] [autoreload.py:668] [autoreload:run_with_reloader] [INFO]- Watching for file changes with StatReloader
[2024-08-06 15:42:27,001] [autoreload.py:266] [autoreload:trigger_reload] [INFO]- /Users/huk/TuRelay/backend/apps/middleware_log.py changed, reloading.
[2024-08-06 15:42:27,274] [autoreload.py:668] [autoreload:run_with_reloader] [INFO]- Watching for file changes with StatReloader
[2024-08-06 15:42:31,652] [autoreload.py:266] [autoreload:trigger_reload] [INFO]- /Users/huk/TuRelay/backend/apps/middleware_log.py changed, reloading.
[2024-08-06 15:42:31,876] [autoreload.py:668] [autoreload:run_with_reloader] [INFO]- Watching for file changes with StatReloader
[2024-08-06 15:46:48,939] [autoreload.py:266] [autoreload:trigger_reload] [INFO]- /Users/huk/TuRelay/backend/apps/middleware_log.py changed, reloading.
[2024-08-06 15:46:49,244] [autoreload.py:668] [autoreload:run_with_reloader] [INFO]- Watching for file changes with StatReloader
[2024-08-06 15:46:51,620] [autoreload.py:266] [autoreload:trigger_reload] [INFO]- /Users/huk/TuRelay/backend/apps/middleware_log.py changed, reloading.
[2024-08-06 15:46:51,821] [autoreload.py:668] [autoreload:run_with_reloader] [INFO]- Watching for file changes with StatReloader
[2024-08-06 15:46:59,185] [autoreload.py:266] [autoreload:trigger_reload] [INFO]- /Users/huk/TuRelay/backend/apps/middleware_log.py changed, reloading.
[2024-08-06 15:46:59,387] [autoreload.py:668] [autoreload:run_with_reloader] [INFO]- Watching for file changes with StatReloader
[2024-08-06 15:47:01,683] [autoreload.py:266] [autoreload:trigger_reload] [INFO]- /Users/huk/TuRelay/backend/apps/middleware_log.py changed, reloading.
[2024-08-06 15:47:01,924] [autoreload.py:668] [autoreload:run_with_reloader] [INFO]- Watching for file changes with StatReloader
[2024-08-06 15:47:24,385] [basehttp.py:212] [basehttp:log_message] [INFO]- "OPTIONS /api/users/?username=&email=&page=1&page_size=10 HTTP/1.1" 200 0
[2024-08-06 15:47:24,492] [log.py:241] [log:log_response] [ERROR]- Internal Server Error: /api/users/
Traceback (most recent call last):
  File "/Users/huk/Library/Python/3.9/lib/python/site-packages/django/core/handlers/exception.py", line 55, in inner
    response = get_response(request)
  File "/Users/huk/Library/Python/3.9/lib/python/site-packages/django/core/handlers/base.py", line 185, in _get_response
    response = middleware_method(
  File "/Users/huk/TuRelay/backend/apps/middleware_log.py", line 30, in process_view
    before_change_data = self.get_before_data(view_func, view_kwargs)
  File "/Users/huk/TuRelay/backend/apps/middleware_log.py", line 87, in get_before_data
    if self.request.method == 'DELETE' or self.request.method == 'PUT' or self.request.method == 'PATCH':
AttributeError: 'OperationLogMiddleware' object has no attribute 'request'
[2024-08-06 15:47:24,499] [log.py:241] [log:log_response] [ERROR]- Internal Server Error: /api/roles_permissions/
Traceback (most recent call last):
  File "/Users/huk/Library/Python/3.9/lib/python/site-packages/django/core/handlers/exception.py", line 55, in inner
    response = get_response(request)
  File "/Users/huk/Library/Python/3.9/lib/python/site-packages/django/core/handlers/base.py", line 185, in _get_response
    response = middleware_method(
  File "/Users/huk/TuRelay/backend/apps/middleware_log.py", line 30, in process_view
    before_change_data = self.get_before_data(view_func, view_kwargs)
  File "/Users/huk/TuRelay/backend/apps/middleware_log.py", line 87, in get_before_data
    if self.request.method == 'DELETE' or self.request.method == 'PUT' or self.request.method == 'PATCH':
AttributeError: 'OperationLogMiddleware' object has no attribute 'request'
[2024-08-06 15:47:24,499] [basehttp.py:212] [basehttp:log_message] [ERROR]- "GET /api/users/?username=&email=&page=1&page_size=10 HTTP/1.1" 500 73819
[2024-08-06 15:47:24,499] [basehttp.py:212] [basehttp:log_message] [ERROR]- "GET /api/roles_permissions/ HTTP/1.1" 500 72987
[2024-08-06 15:50:57,364] [autoreload.py:266] [autoreload:trigger_reload] [INFO]- /Users/huk/TuRelay/backend/apps/middleware_log.py changed, reloading.
[2024-08-06 15:50:57,707] [autoreload.py:668] [autoreload:run_with_reloader] [INFO]- Watching for file changes with StatReloader
[2024-08-06 15:51:02,053] [autoreload.py:266] [autoreload:trigger_reload] [INFO]- /Users/huk/TuRelay/backend/apps/middleware_log.py changed, reloading.
[2024-08-06 15:51:02,264] [autoreload.py:668] [autoreload:run_with_reloader] [INFO]- Watching for file changes with StatReloader
[2024-08-06 15:51:05,597] [autoreload.py:266] [autoreload:trigger_reload] [INFO]- /Users/huk/TuRelay/backend/apps/middleware_log.py changed, reloading.
[2024-08-06 15:51:05,810] [autoreload.py:668] [autoreload:run_with_reloader] [INFO]- Watching for file changes with StatReloader
[2024-08-06 15:51:09,624] [basehttp.py:212] [basehttp:log_message] [INFO]- "GET /api/roles_permissions/ HTTP/1.1" 200 154
[2024-08-06 15:51:09,637] [basehttp.py:212] [basehttp:log_message] [INFO]- "GET /api/users/?username=&email=&page=1&page_size=10 HTTP/1.1" 200 501
[2024-08-06 15:51:39,322] [basehttp.py:212] [basehttp:log_message] [INFO]- "POST /api/users/create/ HTTP/1.1" 201 31
[2024-08-06 15:51:39,377] [basehttp.py:212] [basehttp:log_message] [INFO]- "GET /api/users/?username=&email=&page=1&page_size=10 HTTP/1.1" 200 722
[2024-08-06 15:53:54,223] [basehttp.py:212] [basehttp:log_message] [INFO]- "GET /api/roles_permissions/ HTTP/1.1" 200 154
[2024-08-06 15:53:54,243] [basehttp.py:212] [basehttp:log_message] [INFO]- "GET /api/users/?username=&email=&page=1&page_size=10 HTTP/1.1" 200 722
[2024-08-06 15:54:22,010] [basehttp.py:212] [basehttp:log_message] [INFO]- "POST /api/users/create/ HTTP/1.1" 201 31
[2024-08-06 15:54:22,430] [basehttp.py:212] [basehttp:log_message] [INFO]- "GET /api/users/?username=&email=&page=1&page_size=10 HTTP/1.1" 200 946
[2024-08-06 15:55:45,203] [basehttp.py:212] [basehttp:log_message] [INFO]- "OPTIONS /api/users/guest/update/ HTTP/1.1" 200 0
[2024-08-06 15:55:45,301] [basehttp.py:212] [basehttp:log_message] [INFO]- "PUT /api/users/guest/update/ HTTP/1.1" 200 37
[2024-08-06 15:55:45,837] [basehttp.py:212] [basehttp:log_message] [INFO]- "GET /api/users/?username=&email=&page=1&page_size=10 HTTP/1.1" 200 947
[2024-08-06 15:56:18,746] [basehttp.py:212] [basehttp:log_message] [INFO]- "OPTIONS /api/users/guest/ HTTP/1.1" 200 0
[2024-08-06 15:56:18,831] [basehttp.py:212] [basehttp:log_message] [INFO]- "DELETE /api/users/guest/ HTTP/1.1" 204 31
[2024-08-06 15:56:19,363] [basehttp.py:212] [basehttp:log_message] [INFO]- "GET /api/users/?username=&email=&page=1&page_size=10 HTTP/1.1" 200 722
[2024-08-06 16:06:20,612] [autoreload.py:266] [autoreload:trigger_reload] [INFO]- /Users/huk/TuRelay/backend/apps/views/user_list.py changed, reloading.
[2024-08-06 16:06:20,977] [autoreload.py:668] [autoreload:run_with_reloader] [INFO]- Watching for file changes with StatReloader
[2024-08-06 16:06:38,650] [autoreload.py:266] [autoreload:trigger_reload] [INFO]- /Users/huk/TuRelay/backend/apps/views/user_list.py changed, reloading.
[2024-08-06 16:06:38,934] [autoreload.py:668] [autoreload:run_with_reloader] [INFO]- Watching for file changes with StatReloader
[2024-08-06 16:06:42,255] [autoreload.py:266] [autoreload:trigger_reload] [INFO]- /Users/huk/TuRelay/backend/apps/views/user_list.py changed, reloading.
[2024-08-06 16:06:42,458] [autoreload.py:668] [autoreload:run_with_reloader] [INFO]- Watching for file changes with StatReloader
[2024-08-06 16:06:51,294] [basehttp.py:212] [basehttp:log_message] [INFO]- "GET /api/roles_permissions/ HTTP/1.1" 200 154
[2024-08-06 16:06:51,311] [basehttp.py:212] [basehttp:log_message] [INFO]- "GET /api/users/?username=&email=&page=1&page_size=10 HTTP/1.1" 200 722
[2024-08-06 16:06:51,974] [basehttp.py:212] [basehttp:log_message] [INFO]- "GET /api/roles_permissions/ HTTP/1.1" 200 154
[2024-08-06 16:06:51,991] [basehttp.py:212] [basehttp:log_message] [INFO]- "GET /api/users/?username=&email=&page=1&page_size=10 HTTP/1.1" 200 722
[2024-08-06 16:06:52,689] [basehttp.py:212] [basehttp:log_message] [INFO]- "GET /api/roles_permissions/ HTTP/1.1" 200 154
[2024-08-06 16:06:52,708] [basehttp.py:212] [basehttp:log_message] [INFO]- "GET /api/users/?username=&email=&page=1&page_size=10 HTTP/1.1" 200 722
[2024-08-06 16:07:11,041] [basehttp.py:212] [basehttp:log_message] [INFO]- "POST /api/users/create/ HTTP/1.1" 201 221
[2024-08-06 16:07:11,118] [basehttp.py:212] [basehttp:log_message] [INFO]- "GET /api/users/?username=&email=&page=1&page_size=10 HTTP/1.1" 200 952
[2024-08-06 16:07:45,389] [autoreload.py:266] [autoreload:trigger_reload] [INFO]- /Users/huk/TuRelay/backend/apps/views/user_list.py changed, reloading.
[2024-08-06 16:07:45,727] [autoreload.py:668] [autoreload:run_with_reloader] [INFO]- Watching for file changes with StatReloader
[2024-08-06 16:07:50,075] [autoreload.py:266] [autoreload:trigger_reload] [INFO]- /Users/huk/TuRelay/backend/apps/views/user_list.py changed, reloading.
[2024-08-06 16:07:50,278] [autoreload.py:668] [autoreload:run_with_reloader] [INFO]- Watching for file changes with StatReloader
[2024-08-06 16:07:57,802] [autoreload.py:266] [autoreload:trigger_reload] [INFO]- /Users/huk/TuRelay/backend/apps/views/user_list.py changed, reloading.
[2024-08-06 16:07:58,030] [autoreload.py:668] [autoreload:run_with_reloader] [INFO]- Watching for file changes with StatReloader
[2024-08-06 16:07:59,349] [autoreload.py:266] [autoreload:trigger_reload] [INFO]- /Users/huk/TuRelay/backend/apps/views/user_list.py changed, reloading.
[2024-08-06 16:07:59,595] [autoreload.py:668] [autoreload:run_with_reloader] [INFO]- Watching for file changes with StatReloader
[2024-08-06 16:08:56,000] [autoreload.py:266] [autoreload:trigger_reload] [INFO]- /Users/huk/TuRelay/backend/apps/views/user_list.py changed, reloading.
[2024-08-06 16:08:56,417] [autoreload.py:668] [autoreload:run_with_reloader] [INFO]- Watching for file changes with StatReloader
[2024-08-06 16:09:00,823] [autoreload.py:266] [autoreload:trigger_reload] [INFO]- /Users/huk/TuRelay/backend/apps/views/user_list.py changed, reloading.
[2024-08-06 16:09:01,029] [autoreload.py:668] [autoreload:run_with_reloader] [INFO]- Watching for file changes with StatReloader
[2024-08-06 16:09:03,250] [autoreload.py:266] [autoreload:trigger_reload] [INFO]- /Users/huk/TuRelay/backend/apps/views/user_list.py changed, reloading.
[2024-08-06 16:09:03,466] [autoreload.py:668] [autoreload:run_with_reloader] [INFO]- Watching for file changes with StatReloader
[2024-08-06 16:09:04,745] [autoreload.py:266] [autoreload:trigger_reload] [INFO]- /Users/huk/TuRelay/backend/apps/views/user_list.py changed, reloading.
[2024-08-06 16:09:04,969] [autoreload.py:668] [autoreload:run_with_reloader] [INFO]- Watching for file changes with StatReloader
[2024-08-06 16:09:12,343] [autoreload.py:266] [autoreload:trigger_reload] [INFO]- /Users/huk/TuRelay/backend/apps/views/user_list.py changed, reloading.
[2024-08-06 16:09:12,622] [autoreload.py:668] [autoreload:run_with_reloader] [INFO]- Watching for file changes with StatReloader
[2024-08-06 16:09:24,104] [autoreload.py:266] [autoreload:trigger_reload] [INFO]- /Users/huk/TuRelay/backend/apps/views/user_list.py changed, reloading.
[2024-08-06 16:09:24,401] [autoreload.py:668] [autoreload:run_with_reloader] [INFO]- Watching for file changes with StatReloader
[2024-08-06 16:09:52,241] [autoreload.py:266] [autoreload:trigger_reload] [INFO]- /Users/huk/TuRelay/backend/apps/views/user_list.py changed, reloading.
[2024-08-06 16:09:52,535] [autoreload.py:668] [autoreload:run_with_reloader] [INFO]- Watching for file changes with StatReloader
[2024-08-06 16:10:17,342] [autoreload.py:266] [autoreload:trigger_reload] [INFO]- /Users/huk/TuRelay/backend/apps/views/user_list.py changed, reloading.
[2024-08-06 16:10:17,627] [autoreload.py:668] [autoreload:run_with_reloader] [INFO]- Watching for file changes with StatReloader
[2024-08-06 16:10:21,929] [autoreload.py:266] [autoreload:trigger_reload] [INFO]- /Users/huk/TuRelay/backend/apps/views/user_list.py changed, reloading.
[2024-08-06 16:10:22,143] [autoreload.py:668] [autoreload:run_with_reloader] [INFO]- Watching for file changes with StatReloader
[2024-08-06 16:10:43,740] [autoreload.py:266] [autoreload:trigger_reload] [INFO]- /Users/huk/TuRelay/backend/apps/views/user_list.py changed, reloading.
[2024-08-06 16:10:44,057] [autoreload.py:668] [autoreload:run_with_reloader] [INFO]- Watching for file changes with StatReloader
[2024-08-06 16:10:46,316] [autoreload.py:266] [autoreload:trigger_reload] [INFO]- /Users/huk/TuRelay/backend/apps/views/user_list.py changed, reloading.
[2024-08-06 16:10:46,520] [autoreload.py:668] [autoreload:run_with_reloader] [INFO]- Watching for file changes with StatReloader
[2024-08-06 16:10:48,806] [autoreload.py:266] [autoreload:trigger_reload] [INFO]- /Users/huk/TuRelay/backend/apps/views/user_list.py changed, reloading.
[2024-08-06 16:10:49,145] [autoreload.py:668] [autoreload:run_with_reloader] [INFO]- Watching for file changes with StatReloader
[2024-08-06 16:11:04,684] [autoreload.py:266] [autoreload:trigger_reload] [INFO]- /Users/huk/TuRelay/backend/apps/views/user_list.py changed, reloading.
[2024-08-06 16:11:05,067] [autoreload.py:668] [autoreload:run_with_reloader] [INFO]- Watching for file changes with StatReloader
[2024-08-06 16:11:21,651] [autoreload.py:266] [autoreload:trigger_reload] [INFO]- /Users/huk/TuRelay/backend/apps/views/user_list.py changed, reloading.
[2024-08-06 16:11:22,002] [autoreload.py:668] [autoreload:run_with_reloader] [INFO]- Watching for file changes with StatReloader
[2024-08-06 16:11:29,503] [autoreload.py:266] [autoreload:trigger_reload] [INFO]- /Users/huk/TuRelay/backend/apps/views/user_list.py changed, reloading.
[2024-08-06 16:11:29,816] [autoreload.py:668] [autoreload:run_with_reloader] [INFO]- Watching for file changes with StatReloader
[2024-08-06 16:11:49,508] [autoreload.py:266] [autoreload:trigger_reload] [INFO]- /Users/huk/TuRelay/backend/apps/views/user_list.py changed, reloading.
[2024-08-06 16:11:49,800] [autoreload.py:668] [autoreload:run_with_reloader] [INFO]- Watching for file changes with StatReloader
[2024-08-06 16:11:58,266] [basehttp.py:212] [basehttp:log_message] [INFO]- "GET /api/roles_permissions/ HTTP/1.1" 200 154
[2024-08-06 16:11:58,309] [basehttp.py:212] [basehttp:log_message] [INFO]- "GET /api/users/?username=&email=&page=1&page_size=10 HTTP/1.1" 200 952
[2024-08-06 16:12:02,160] [basehttp.py:212] [basehttp:log_message] [INFO]- "DELETE /api/users/guest/ HTTP/1.1" 204 31
[2024-08-06 16:12:02,161] [basehttp.py:81] [basehttp:handle_error] [INFO]- - Broken pipe from ('172.17.102.34', 65437)
[2024-08-06 16:12:02,204] [basehttp.py:212] [basehttp:log_message] [INFO]- "GET /api/users/?username=&email=&page=1&page_size=10 HTTP/1.1" 200 722
[2024-08-06 16:12:16,517] [basehttp.py:212] [basehttp:log_message] [INFO]- "POST /api/users/create/ HTTP/1.1" 201 221
[2024-08-06 16:12:16,561] [basehttp.py:212] [basehttp:log_message] [INFO]- "GET /api/users/?username=&email=&page=1&page_size=10 HTTP/1.1" 200 952
[2024-08-06 16:12:20,546] [basehttp.py:212] [basehttp:log_message] [INFO]- "PUT /api/users/guest/update/ HTTP/1.1" 200 228
[2024-08-06 16:12:20,607] [basehttp.py:212] [basehttp:log_message] [INFO]- "GET /api/users/?username=&email=&page=1&page_size=10 HTTP/1.1" 200 955
[2024-08-06 16:13:13,040] [autoreload.py:266] [autoreload:trigger_reload] [INFO]- /Users/huk/TuRelay/backend/apps/views/user_list.py changed, reloading.
[2024-08-06 16:13:13,375] [autoreload.py:668] [autoreload:run_with_reloader] [INFO]- Watching for file changes with StatReloader
[2024-08-06 16:13:18,462] [basehttp.py:212] [basehttp:log_message] [INFO]- "GET /api/roles_permissions/ HTTP/1.1" 200 154
[2024-08-06 16:13:18,482] [basehttp.py:212] [basehttp:log_message] [INFO]- "GET /api/users/?username=&email=&page=1&page_size=10 HTTP/1.1" 200 955
[2024-08-06 16:13:22,873] [basehttp.py:212] [basehttp:log_message] [INFO]- "DELETE /api/users/guest/ HTTP/1.1" 204 228
[2024-08-06 16:13:22,910] [basehttp.py:212] [basehttp:log_message] [INFO]- "GET /api/users/?username=&email=&page=1&page_size=10 HTTP/1.1" 200 722
[2024-08-06 16:15:50,951] [autoreload.py:266] [autoreload:trigger_reload] [INFO]- /Users/huk/TuRelay/backend/apps/middleware_log.py changed, reloading.
[2024-08-06 16:15:51,329] [autoreload.py:668] [autoreload:run_with_reloader] [INFO]- Watching for file changes with StatReloader
[2024-08-06 16:15:57,753] [autoreload.py:266] [autoreload:trigger_reload] [INFO]- /Users/huk/TuRelay/backend/apps/middleware_log.py changed, reloading.
[2024-08-06 16:15:58,039] [autoreload.py:668] [autoreload:run_with_reloader] [INFO]- Watching for file changes with StatReloader
[2024-08-06 16:16:03,417] [autoreload.py:266] [autoreload:trigger_reload] [INFO]- /Users/huk/TuRelay/backend/apps/middleware_log.py changed, reloading.
[2024-08-06 16:16:03,703] [autoreload.py:668] [autoreload:run_with_reloader] [INFO]- Watching for file changes with StatReloader
[2024-08-06 16:16:18,179] [autoreload.py:266] [autoreload:trigger_reload] [INFO]- /Users/huk/TuRelay/backend/apps/middleware_log.py changed, reloading.
[2024-08-06 16:16:18,518] [autoreload.py:668] [autoreload:run_with_reloader] [INFO]- Watching for file changes with StatReloader
[2024-08-06 16:16:23,966] [autoreload.py:266] [autoreload:trigger_reload] [INFO]- /Users/huk/TuRelay/backend/apps/middleware_log.py changed, reloading.
[2024-08-06 16:16:24,280] [autoreload.py:668] [autoreload:run_with_reloader] [INFO]- Watching for file changes with StatReloader
[2024-08-06 16:16:27,603] [autoreload.py:266] [autoreload:trigger_reload] [INFO]- /Users/huk/TuRelay/backend/apps/middleware_log.py changed, reloading.
[2024-08-06 16:16:27,826] [autoreload.py:668] [autoreload:run_with_reloader] [INFO]- Watching for file changes with StatReloader
[2024-08-06 16:16:31,107] [basehttp.py:212] [basehttp:log_message] [INFO]- "GET /api/roles_permissions/ HTTP/1.1" 200 154
[2024-08-06 16:16:31,126] [basehttp.py:212] [basehttp:log_message] [INFO]- "GET /api/users/?username=&email=&page=1&page_size=10 HTTP/1.1" 200 722
[2024-08-06 16:16:44,519] [basehttp.py:212] [basehttp:log_message] [INFO]- "POST /api/users/create/ HTTP/1.1" 201 221
[2024-08-06 16:16:44,572] [basehttp.py:212] [basehttp:log_message] [INFO]- "GET /api/users/?username=&email=&page=1&page_size=10 HTTP/1.1" 200 952
[2024-08-06 16:17:17,144] [basehttp.py:212] [basehttp:log_message] [INFO]- "PUT /api/users/guest/update/ HTTP/1.1" 200 230
[2024-08-06 16:17:17,201] [basehttp.py:212] [basehttp:log_message] [INFO]- "GET /api/users/?username=&email=&page=1&page_size=10 HTTP/1.1" 200 957
[2024-08-06 16:17:42,047] [basehttp.py:212] [basehttp:log_message] [INFO]- "OPTIONS /api/users/guest/reset_password/ HTTP/1.1" 200 0
[2024-08-06 16:17:42,298] [basehttp.py:212] [basehttp:log_message] [INFO]- "POST /api/users/guest/reset_password/ HTTP/1.1" 200 230
[2024-08-06 16:18:01,574] [log.py:241] [log:log_response] [ERROR]- Internal Server Error: /api/login/
Traceback (most recent call last):
  File "/Users/huk/Library/Python/3.9/lib/python/site-packages/django/core/handlers/exception.py", line 55, in inner
    response = get_response(request)
  File "/Users/huk/Library/Python/3.9/lib/python/site-packages/django/core/handlers/base.py", line 185, in _get_response
    response = middleware_method(
  File "/Users/huk/TuRelay/backend/apps/middleware_log.py", line 24, in process_view
    self.user = self.get_authenticated_user(request)
  File "/Users/huk/TuRelay/backend/apps/middleware_log.py", line 65, in get_authenticated_user
    user, _ = CustomTokenAuthentication().authenticate(request)
  File "/Users/huk/TuRelay/backend/apps/utils.py", line 27, in authenticate
    raise AuthenticationFailed('未提供Token')
rest_framework.exceptions.AuthenticationFailed: 未提供Token
[2024-08-06 16:18:01,578] [basehttp.py:212] [basehttp:log_message] [ERROR]- "POST /api/login/ HTTP/1.1" 500 75322
[2024-08-06 16:18:53,154] [autoreload.py:266] [autoreload:trigger_reload] [INFO]- /Users/huk/TuRelay/backend/apps/middleware_log.py changed, reloading.
[2024-08-06 16:18:53,493] [autoreload.py:668] [autoreload:run_with_reloader] [INFO]- Watching for file changes with StatReloader
[2024-08-06 16:18:55,481] [basehttp.py:212] [basehttp:log_message] [INFO]- "POST /api/login/ HTTP/1.1" 200 635
[2024-08-06 16:18:59,755] [basehttp.py:212] [basehttp:log_message] [INFO]- "OPTIONS /api/login_logs/?username=&client_ip=&page=1&page_size=10 HTTP/1.1" 200 0
[2024-08-06 16:18:59,787] [basehttp.py:212] [basehttp:log_message] [INFO]- "GET /api/login_logs/?username=&client_ip=&page=1&page_size=10 HTTP/1.1" 200 1850
[2024-08-06 16:19:06,783] [basehttp.py:212] [basehttp:log_message] [INFO]- "GET /api/roles_permissions/ HTTP/1.1" 200 154
[2024-08-06 16:19:06,815] [basehttp.py:212] [basehttp:log_message] [INFO]- "GET /api/users/?username=&email=&page=1&page_size=10 HTTP/1.1" 200 957
[2024-08-06 16:24:32,130] [basehttp.py:212] [basehttp:log_message] [INFO]- "DELETE /api/users/guest/ HTTP/1.1" 204 230
[2024-08-06 16:24:32,245] [basehttp.py:212] [basehttp:log_message] [INFO]- "GET /api/users/?username=&email=&page=1&page_size=10 HTTP/1.1" 200 722
[2024-08-06 16:36:36,807] [autoreload.py:266] [autoreload:trigger_reload] [INFO]- /Users/huk/TuRelay/backend/apps/middleware_log.py changed, reloading.
[2024-08-06 16:36:37,224] [autoreload.py:668] [autoreload:run_with_reloader] [INFO]- Watching for file changes with StatReloader
[2024-08-06 16:41:40,950] [autoreload.py:266] [autoreload:trigger_reload] [INFO]- /Users/huk/TuRelay/backend/backend/urls.py changed, reloading.
[2024-08-06 16:41:41,298] [autoreload.py:668] [autoreload:run_with_reloader] [INFO]- Watching for file changes with StatReloader
[2024-08-06 16:41:43,613] [autoreload.py:266] [autoreload:trigger_reload] [INFO]- /Users/huk/TuRelay/backend/backend/urls.py changed, reloading.
[2024-08-06 16:41:44,130] [autoreload.py:668] [autoreload:run_with_reloader] [INFO]- Watching for file changes with StatReloader
[2024-08-06 16:42:13,527] [basehttp.py:212] [basehttp:log_message] [INFO]- "GET /api/roles_permissions/ HTTP/1.1" 200 154
[2024-08-06 16:42:13,555] [basehttp.py:212] [basehttp:log_message] [INFO]- "GET /api/users/?username=&email=&page=1&page_size=10 HTTP/1.1" 200 722
[2024-08-06 16:42:14,154] [basehttp.py:212] [basehttp:log_message] [INFO]- "GET /api/roles_permissions/ HTTP/1.1" 200 154
[2024-08-06 16:42:14,165] [basehttp.py:212] [basehttp:log_message] [INFO]- "GET /api/users/?username=&email=&page=1&page_size=10 HTTP/1.1" 200 722
[2024-08-06 16:42:26,905] [basehttp.py:212] [basehttp:log_message] [INFO]- "GET /api/roles_permissions/ HTTP/1.1" 200 154
[2024-08-06 16:42:26,928] [basehttp.py:212] [basehttp:log_message] [INFO]- "GET /api/users/?username=&email=&page=1&page_size=10 HTTP/1.1" 200 722
[2024-08-06 16:42:50,787] [basehttp.py:212] [basehttp:log_message] [INFO]- "POST /api/users/create/ HTTP/1.1" 201 221
[2024-08-06 16:42:50,851] [basehttp.py:212] [basehttp:log_message] [INFO]- "GET /api/users/?username=&email=&page=1&page_size=10 HTTP/1.1" 200 952
[2024-08-06 16:43:11,691] [basehttp.py:212] [basehttp:log_message] [INFO]- "PUT /api/users/guest/update/ HTTP/1.1" 200 228
[2024-08-06 16:43:11,772] [basehttp.py:212] [basehttp:log_message] [INFO]- "GET /api/users/?username=&email=&page=1&page_size=10 HTTP/1.1" 200 955
[2024-08-06 16:43:23,374] [basehttp.py:212] [basehttp:log_message] [INFO]- "OPTIONS /api/users/guest/lock/ HTTP/1.1" 200 0
[2024-08-06 16:43:23,421] [basehttp.py:212] [basehttp:log_message] [INFO]- "PATCH /api/users/guest/lock/ HTTP/1.1" 200 224
[2024-08-06 16:43:23,473] [basehttp.py:212] [basehttp:log_message] [INFO]- "GET /api/users/?username=&email=&page=1&page_size=10 HTTP/1.1" 200 954
[2024-08-06 16:43:26,355] [basehttp.py:212] [basehttp:log_message] [INFO]- "PATCH /api/users/guest/lock/ HTTP/1.1" 200 224
[2024-08-06 16:43:26,402] [basehttp.py:212] [basehttp:log_message] [INFO]- "GET /api/users/?username=&email=&page=1&page_size=10 HTTP/1.1" 200 955
[2024-08-06 16:43:35,432] [basehttp.py:212] [basehttp:log_message] [INFO]- "POST /api/users/guest/reset_password/ HTTP/1.1" 200 228
[2024-08-06 16:43:39,205] [basehttp.py:212] [basehttp:log_message] [INFO]- "POST /api/login/ HTTP/1.1" 200 635
[2024-08-06 16:43:42,737] [basehttp.py:212] [basehttp:log_message] [INFO]- "GET /api/roles_permissions/ HTTP/1.1" 200 154
[2024-08-06 16:43:42,762] [basehttp.py:212] [basehttp:log_message] [INFO]- "GET /api/users/?username=&email=&page=1&page_size=10 HTTP/1.1" 200 955
[2024-08-06 16:43:45,005] [basehttp.py:212] [basehttp:log_message] [INFO]- "OPTIONS /api/users/guest/delete/ HTTP/1.1" 200 0
[2024-08-06 16:43:45,069] [basehttp.py:212] [basehttp:log_message] [INFO]- "DELETE /api/users/guest/delete/ HTTP/1.1" 204 228
[2024-08-06 16:43:45,069] [basehttp.py:81] [basehttp:handle_error] [INFO]- - Broken pipe from ('172.17.102.34', 58704)
[2024-08-06 16:43:45,102] [basehttp.py:212] [basehttp:log_message] [INFO]- "GET /api/users/?username=&email=&page=1&page_size=10 HTTP/1.1" 200 722
[2024-08-06 17:00:00,272] [basehttp.py:212] [basehttp:log_message] [INFO]- "GET /api/roles_permissions/ HTTP/1.1" 200 154
[2024-08-06 17:00:00,300] [basehttp.py:212] [basehttp:log_message] [INFO]- "GET /api/users/?username=&email=&page=1&page_size=10 HTTP/1.1" 200 722
[2024-08-06 17:00:27,768] [basehttp.py:212] [basehttp:log_message] [INFO]- "GET /api/roles_permissions/ HTTP/1.1" 200 154
[2024-08-06 17:00:27,779] [basehttp.py:212] [basehttp:log_message] [INFO]- "GET /api/users/?username=&email=&page=1&page_size=10 HTTP/1.1" 200 722
[2024-08-06 17:00:29,191] [basehttp.py:212] [basehttp:log_message] [INFO]- "GET /api/roles_permissions/ HTTP/1.1" 200 154
[2024-08-06 17:00:29,206] [basehttp.py:212] [basehttp:log_message] [INFO]- "GET /api/users/?username=&email=&page=1&page_size=10 HTTP/1.1" 200 722
[2024-08-06 17:00:30,699] [basehttp.py:212] [basehttp:log_message] [INFO]- "GET /api/roles_permissions/ HTTP/1.1" 200 154
[2024-08-06 17:00:30,713] [basehttp.py:212] [basehttp:log_message] [INFO]- "GET /api/users/?username=&email=&page=1&page_size=10 HTTP/1.1" 200 722
[2024-08-06 17:00:43,626] [basehttp.py:212] [basehttp:log_message] [INFO]- "GET /api/roles_permissions/ HTTP/1.1" 200 154
[2024-08-06 17:00:43,644] [basehttp.py:212] [basehttp:log_message] [INFO]- "GET /api/users/?username=&email=&page=1&page_size=10 HTTP/1.1" 200 722
[2024-08-06 17:00:57,674] [basehttp.py:212] [basehttp:log_message] [INFO]- "GET /api/roles_permissions/ HTTP/1.1" 200 154
[2024-08-06 17:00:57,688] [basehttp.py:212] [basehttp:log_message] [INFO]- "GET /api/users/?username=&email=&page=1&page_size=10 HTTP/1.1" 200 722
[2024-08-06 17:01:02,455] [basehttp.py:212] [basehttp:log_message] [INFO]- "OPTIONS /api/users/test/delete/ HTTP/1.1" 200 0
[2024-08-06 17:01:02,508] [basehttp.py:212] [basehttp:log_message] [INFO]- "DELETE /api/users/test/delete/ HTTP/1.1" 204 222
[2024-08-06 17:01:02,541] [basehttp.py:212] [basehttp:log_message] [INFO]- "GET /api/users/?username=&email=&page=1&page_size=10 HTTP/1.1" 200 501
[2024-08-06 17:01:44,644] [basehttp.py:212] [basehttp:log_message] [INFO]- "POST /api/users/create/ HTTP/1.1" 201 218
[2024-08-06 17:01:44,684] [basehttp.py:212] [basehttp:log_message] [INFO]- "GET /api/users/?username=&email=&page=1&page_size=10 HTTP/1.1" 200 728
[2024-08-06 17:09:27,083] [autoreload.py:266] [autoreload:trigger_reload] [INFO]- /Users/huk/TuRelay/backend/apps/views/user_list.py changed, reloading.
[2024-08-06 17:09:27,462] [autoreload.py:668] [autoreload:run_with_reloader] [INFO]- Watching for file changes with StatReloader
[2024-08-06 17:10:43,473] [autoreload.py:266] [autoreload:trigger_reload] [INFO]- /Users/huk/TuRelay/backend/apps/views/user_list.py changed, reloading.
[2024-08-06 17:10:43,750] [autoreload.py:668] [autoreload:run_with_reloader] [INFO]- Watching for file changes with StatReloader
[2024-08-06 17:10:45,109] [autoreload.py:266] [autoreload:trigger_reload] [INFO]- /Users/huk/TuRelay/backend/apps/views/user_list.py changed, reloading.
[2024-08-06 17:10:45,413] [autoreload.py:668] [autoreload:run_with_reloader] [INFO]- Watching for file changes with StatReloader
[2024-08-06 17:10:52,117] [basehttp.py:212] [basehttp:log_message] [INFO]- "GET /api/roles_permissions/ HTTP/1.1" 200 154
[2024-08-06 17:10:52,150] [basehttp.py:212] [basehttp:log_message] [INFO]- "GET /api/users/?username=&email=&page=1&page_size=10 HTTP/1.1" 200 728
[2024-08-06 17:11:05,384] [basehttp.py:212] [basehttp:log_message] [INFO]- "POST /api/users/create/ HTTP/1.1" 201 221
[2024-08-06 17:11:05,440] [basehttp.py:212] [basehttp:log_message] [INFO]- "GET /api/users/?username=&email=&page=1&page_size=10 HTTP/1.1" 200 958
[2024-08-06 17:16:29,085] [autoreload.py:266] [autoreload:trigger_reload] [INFO]- /Users/huk/TuRelay/backend/apps/views/user_list.py changed, reloading.
[2024-08-06 17:16:29,447] [autoreload.py:668] [autoreload:run_with_reloader] [INFO]- Watching for file changes with StatReloader
[2024-08-06 17:17:07,497] [autoreload.py:266] [autoreload:trigger_reload] [INFO]- /Users/huk/TuRelay/backend/apps/views/user_list.py changed, reloading.
[2024-08-06 17:17:07,841] [autoreload.py:668] [autoreload:run_with_reloader] [INFO]- Watching for file changes with StatReloader
[2024-08-06 17:17:10,280] [basehttp.py:212] [basehttp:log_message] [INFO]- "OPTIONS /api/roles_permissions/ HTTP/1.1" 200 0
[2024-08-06 17:17:10,309] [basehttp.py:212] [basehttp:log_message] [INFO]- "GET /api/roles_permissions/ HTTP/1.1" 200 154
[2024-08-06 17:17:10,334] [basehttp.py:212] [basehttp:log_message] [INFO]- "GET /api/users/?username=&email=&page=1&page_size=10 HTTP/1.1" 200 958
[2024-08-06 17:17:22,855] [basehttp.py:212] [basehttp:log_message] [INFO]- "POST /api/users/create/ HTTP/1.1" 201 215
[2024-08-06 17:17:22,916] [basehttp.py:212] [basehttp:log_message] [INFO]- "GET /api/users/?username=&email=&page=1&page_size=10 HTTP/1.1" 200 1213
[2024-08-06 17:18:11,080] [autoreload.py:266] [autoreload:trigger_reload] [INFO]- /Users/huk/TuRelay/backend/apps/views/user_list.py changed, reloading.
[2024-08-06 17:18:11,364] [autoreload.py:668] [autoreload:run_with_reloader] [INFO]- Watching for file changes with StatReloader
[2024-08-06 17:18:12,774] [autoreload.py:266] [autoreload:trigger_reload] [INFO]- /Users/huk/TuRelay/backend/apps/views/user_list.py changed, reloading.
[2024-08-06 17:18:13,191] [autoreload.py:668] [autoreload:run_with_reloader] [INFO]- Watching for file changes with StatReloader
[2024-08-06 17:18:17,319] [basehttp.py:212] [basehttp:log_message] [INFO]- "GET /api/roles_permissions/ HTTP/1.1" 200 154
[2024-08-06 17:18:17,363] [basehttp.py:212] [basehttp:log_message] [INFO]- "GET /api/users/?username=&email=&page=1&page_size=10 HTTP/1.1" 200 1213
[2024-08-06 17:18:29,158] [basehttp.py:212] [basehttp:log_message] [INFO]- "POST /api/users/create/ HTTP/1.1" 201 215
[2024-08-06 17:18:29,217] [basehttp.py:212] [basehttp:log_message] [INFO]- "GET /api/users/?username=&email=&page=1&page_size=10 HTTP/1.1" 200 1437
[2024-08-06 17:29:21,246] [basehttp.py:212] [basehttp:log_message] [INFO]- "GET /api/roles_permissions/ HTTP/1.1" 200 154
[2024-08-06 17:29:21,277] [basehttp.py:212] [basehttp:log_message] [INFO]- "GET /api/users/?username=&email=&page=1&page_size=10 HTTP/1.1" 200 1437
[2024-08-06 17:30:21,929] [basehttp.py:212] [basehttp:log_message] [INFO]- "GET /api/roles_permissions/ HTTP/1.1" 200 154
[2024-08-06 17:30:21,960] [basehttp.py:212] [basehttp:log_message] [INFO]- "GET /api/users/?username=&email=&page=1&page_size=10 HTTP/1.1" 200 1437
[2024-08-06 17:30:24,316] [basehttp.py:212] [basehttp:log_message] [INFO]- "GET /api/roles_permissions/ HTTP/1.1" 200 154
[2024-08-06 17:30:24,376] [basehttp.py:212] [basehttp:log_message] [INFO]- "GET /api/users/?username=&email=&page=1&page_size=10 HTTP/1.1" 200 1437
[2024-08-06 17:30:29,412] [basehttp.py:212] [basehttp:log_message] [INFO]- "GET /api/roles_permissions/ HTTP/1.1" 200 154
[2024-08-06 17:30:29,435] [basehttp.py:212] [basehttp:log_message] [INFO]- "GET /api/users/?username=&email=&page=1&page_size=10 HTTP/1.1" 200 1437
[2024-08-06 17:30:33,122] [basehttp.py:212] [basehttp:log_message] [INFO]- "GET /api/roles_permissions/ HTTP/1.1" 200 154
[2024-08-06 17:30:33,152] [basehttp.py:212] [basehttp:log_message] [INFO]- "GET /api/users/?username=&email=&page=1&page_size=10 HTTP/1.1" 200 1437
[2024-08-06 17:31:51,079] [basehttp.py:212] [basehttp:log_message] [INFO]- "GET /api/roles_permissions/ HTTP/1.1" 200 154
[2024-08-06 17:31:51,139] [basehttp.py:212] [basehttp:log_message] [INFO]- "GET /api/users/?username=&email=&page=1&page_size=10 HTTP/1.1" 200 1437
[2024-08-06 17:32:36,691] [basehttp.py:212] [basehttp:log_message] [INFO]- "OPTIONS /api/users/create/ HTTP/1.1" 200 0
[2024-08-06 17:32:37,010] [basehttp.py:212] [basehttp:log_message] [INFO]- "POST /api/users/create/ HTTP/1.1" 201 215
[2024-08-06 17:32:37,082] [basehttp.py:212] [basehttp:log_message] [INFO]- "GET /api/users/?username=&email=&page=1&page_size=10 HTTP/1.1" 200 1692
[2024-08-06 17:42:00,476] [basehttp.py:212] [basehttp:log_message] [INFO]- "GET /api/roles_permissions/ HTTP/1.1" 200 154
[2024-08-06 17:42:00,504] [basehttp.py:212] [basehttp:log_message] [INFO]- "GET /api/users/?username=&email=&page=1&page_size=10 HTTP/1.1" 200 1692
[2024-08-06 17:42:11,829] [basehttp.py:212] [basehttp:log_message] [INFO]- "GET /api/roles_permissions/ HTTP/1.1" 200 154
[2024-08-06 17:42:11,867] [basehttp.py:212] [basehttp:log_message] [INFO]- "GET /api/users/?username=&email=&page=1&page_size=10 HTTP/1.1" 200 1692
[2024-08-06 21:15:25,158] [autoreload.py:266] [autoreload:trigger_reload] [INFO]- /Users/huk/TuRelay/backend/backend/settings.py changed, reloading.
[2024-08-06 21:15:26,034] [autoreload.py:668] [autoreload:run_with_reloader] [INFO]- Watching for file changes with StatReloader
[2024-08-06 21:15:30,319] [autoreload.py:266] [autoreload:trigger_reload] [INFO]- /Users/huk/TuRelay/backend/backend/settings.py changed, reloading.
[2024-08-06 21:15:31,238] [autoreload.py:668] [autoreload:run_with_reloader] [INFO]- Watching for file changes with StatReloader
[2024-08-06 21:15:39,499] [autoreload.py:266] [autoreload:trigger_reload] [INFO]- /Users/huk/TuRelay/backend/backend/settings.py changed, reloading.
[2024-08-06 21:15:39,854] [autoreload.py:668] [autoreload:run_with_reloader] [INFO]- Watching for file changes with StatReloader
[2024-08-06 21:15:43,397] [autoreload.py:266] [autoreload:trigger_reload] [INFO]- /Users/huk/TuRelay/backend/backend/settings.py changed, reloading.
[2024-08-06 21:15:43,868] [autoreload.py:668] [autoreload:run_with_reloader] [INFO]- Watching for file changes with StatReloader
[2024-08-06 21:15:45,431] [autoreload.py:266] [autoreload:trigger_reload] [INFO]- /Users/huk/TuRelay/backend/backend/settings.py changed, reloading.
[2024-08-06 21:15:46,559] [autoreload.py:668] [autoreload:run_with_reloader] [INFO]- Watching for file changes with StatReloader
[2024-08-06 21:15:51,591] [autoreload.py:266] [autoreload:trigger_reload] [INFO]- /Users/huk/TuRelay/backend/backend/settings.py changed, reloading.
[2024-08-06 21:15:54,869] [autoreload.py:668] [autoreload:run_with_reloader] [INFO]- Watching for file changes with StatReloader
[2024-08-06 21:16:22,323] [basehttp.py:212] [basehttp:log_message] [INFO]- "OPTIONS /api/login/ HTTP/1.1" 200 0
[2024-08-06 21:16:22,738] [basehttp.py:212] [basehttp:log_message] [INFO]- "POST /api/login/ HTTP/1.1" 200 635
[2024-08-06 21:17:58,120] [basehttp.py:212] [basehttp:log_message] [INFO]- "OPTIONS /api/users/?username=&email=&page=1&page_size=10 HTTP/1.1" 200 0
[2024-08-06 21:17:58,120] [basehttp.py:212] [basehttp:log_message] [INFO]- "OPTIONS /api/roles_permissions/ HTTP/1.1" 200 0
[2024-08-06 21:17:58,230] [basehttp.py:212] [basehttp:log_message] [INFO]- "GET /api/roles_permissions/ HTTP/1.1" 200 154
[2024-08-06 21:17:58,938] [basehttp.py:212] [basehttp:log_message] [INFO]- "GET /api/users/?username=&email=&page=1&page_size=10 HTTP/1.1" 200 1692
[2024-08-06 21:18:03,544] [basehttp.py:212] [basehttp:log_message] [INFO]- "GET /api/roles_permissions/ HTTP/1.1" 200 154
[2024-08-06 21:18:03,867] [basehttp.py:212] [basehttp:log_message] [INFO]- "GET /api/users/?username=&email=&page=1&page_size=10 HTTP/1.1" 200 1692
[2024-08-06 21:18:06,842] [basehttp.py:212] [basehttp:log_message] [INFO]- "GET /api/roles_permissions/ HTTP/1.1" 200 154
[2024-08-06 21:18:08,509] [basehttp.py:212] [basehttp:log_message] [INFO]- "GET /api/users/?username=&email=&page=1&page_size=10 HTTP/1.1" 200 1692
[2024-08-06 21:19:14,361] [basehttp.py:212] [basehttp:log_message] [INFO]- "GET /api/roles_permissions/ HTTP/1.1" 200 154
[2024-08-06 21:19:16,200] [basehttp.py:212] [basehttp:log_message] [INFO]- "GET /api/users/?username=&email=&page=1&page_size=10 HTTP/1.1" 200 1692
[2024-08-06 21:19:23,519] [basehttp.py:212] [basehttp:log_message] [INFO]- "GET /api/roles_permissions/ HTTP/1.1" 200 154
[2024-08-06 21:19:23,774] [basehttp.py:212] [basehttp:log_message] [INFO]- "GET /api/users/?username=&email=&page=1&page_size=10 HTTP/1.1" 200 1692
[2024-08-06 21:19:36,281] [basehttp.py:212] [basehttp:log_message] [INFO]- "GET /api/roles_permissions/ HTTP/1.1" 200 154
[2024-08-06 21:19:36,332] [basehttp.py:212] [basehttp:log_message] [INFO]- "GET /api/users/?username=&email=&page=1&page_size=10 HTTP/1.1" 200 1692
[2024-08-06 21:19:39,753] [basehttp.py:212] [basehttp:log_message] [INFO]- "GET /api/roles_permissions/ HTTP/1.1" 200 154
[2024-08-06 21:19:39,808] [basehttp.py:212] [basehttp:log_message] [INFO]- "GET /api/users/?username=&email=&page=1&page_size=10 HTTP/1.1" 200 1692
[2024-08-06 21:19:41,127] [basehttp.py:212] [basehttp:log_message] [INFO]- "GET /api/roles_permissions/ HTTP/1.1" 200 154
[2024-08-06 21:19:41,183] [basehttp.py:212] [basehttp:log_message] [INFO]- "GET /api/users/?username=&email=&page=1&page_size=10 HTTP/1.1" 200 1692
[2024-08-06 21:19:41,875] [basehttp.py:212] [basehttp:log_message] [INFO]- "GET /api/roles_permissions/ HTTP/1.1" 200 154
[2024-08-06 21:19:42,213] [basehttp.py:212] [basehttp:log_message] [INFO]- "GET /api/users/?username=&email=&page=1&page_size=10 HTTP/1.1" 200 1692
[2024-08-06 21:19:42,214] [basehttp.py:81] [basehttp:handle_error] [INFO]- - Broken pipe from ('192.168.5.30', 56612)
[2024-08-06 21:19:42,605] [basehttp.py:212] [basehttp:log_message] [INFO]- "GET /api/roles_permissions/ HTTP/1.1" 200 154
[2024-08-06 21:19:42,665] [basehttp.py:212] [basehttp:log_message] [INFO]- "GET /api/users/?username=&email=&page=1&page_size=10 HTTP/1.1" 200 1692
[2024-08-06 21:37:06,479] [basehttp.py:212] [basehttp:log_message] [INFO]- "GET /api/roles_permissions/ HTTP/1.1" 200 154
[2024-08-06 21:37:07,277] [basehttp.py:212] [basehttp:log_message] [INFO]- "GET /api/users/?username=&email=&page=1&page_size=10 HTTP/1.1" 200 1692
[2024-08-06 21:37:23,789] [basehttp.py:212] [basehttp:log_message] [INFO]- "GET /api/roles_permissions/ HTTP/1.1" 200 154
[2024-08-06 21:37:24,478] [basehttp.py:212] [basehttp:log_message] [INFO]- "GET /api/users/?username=&email=&page=1&page_size=10 HTTP/1.1" 200 1692
[2024-08-06 21:37:49,855] [basehttp.py:212] [basehttp:log_message] [INFO]- "GET /api/roles_permissions/ HTTP/1.1" 200 154
[2024-08-06 21:37:50,720] [basehttp.py:212] [basehttp:log_message] [INFO]- "GET /api/users/?username=&email=&page=1&page_size=10 HTTP/1.1" 200 1692
[2024-08-06 21:38:15,747] [basehttp.py:212] [basehttp:log_message] [INFO]- "GET /api/roles_permissions/ HTTP/1.1" 200 154
[2024-08-06 21:38:15,936] [basehttp.py:212] [basehttp:log_message] [INFO]- "GET /api/users/?username=&email=&page=1&page_size=10 HTTP/1.1" 200 1692
[2024-08-06 21:39:57,690] [basehttp.py:212] [basehttp:log_message] [INFO]- "OPTIONS /api/users/create/ HTTP/1.1" 200 0
[2024-08-06 21:39:58,119] [basehttp.py:212] [basehttp:log_message] [INFO]- "POST /api/users/create/ HTTP/1.1" 201 215
[2024-08-06 21:39:58,385] [basehttp.py:212] [basehttp:log_message] [INFO]- "GET /api/users/?username=&email=&page=1&page_size=10 HTTP/1.1" 200 1916
[2024-08-06 22:00:25,683] [autoreload.py:266] [autoreload:trigger_reload] [INFO]- /Users/huk/TuRelay/backend/apps/views/user_list.py changed, reloading.
[2024-08-06 22:00:28,968] [autoreload.py:668] [autoreload:run_with_reloader] [INFO]- Watching for file changes with StatReloader
[2024-08-06 22:01:00,382] [autoreload.py:266] [autoreload:trigger_reload] [INFO]- /Users/huk/TuRelay/backend/apps/views/user_list.py changed, reloading.
[2024-08-06 22:01:02,342] [autoreload.py:668] [autoreload:run_with_reloader] [INFO]- Watching for file changes with StatReloader
[2024-08-06 22:01:17,017] [basehttp.py:212] [basehttp:log_message] [INFO]- "GET /api/roles_permissions/ HTTP/1.1" 200 154
[2024-08-06 22:01:17,130] [basehttp.py:212] [basehttp:log_message] [INFO]- "GET /api/users/?username=&email=&page=1&page_size=10 HTTP/1.1" 200 1916
[2024-08-06 22:01:18,871] [basehttp.py:212] [basehttp:log_message] [INFO]- "OPTIONS /api/users/ddd/delete/ HTTP/1.1" 200 0
[2024-08-06 22:01:18,930] [basehttp.py:212] [basehttp:log_message] [INFO]- "DELETE /api/users/ddd/delete/ HTTP/1.1" 204 219
[2024-08-06 22:01:18,930] [basehttp.py:81] [basehttp:handle_error] [INFO]- - Broken pipe from ('192.168.5.30', 51343)
[2024-08-06 22:01:19,001] [basehttp.py:212] [basehttp:log_message] [INFO]- "GET /api/users/?username=&email=&page=1&page_size=10 HTTP/1.1" 200 1692
[2024-08-06 22:01:20,508] [basehttp.py:212] [basehttp:log_message] [INFO]- "OPTIONS /api/users/qqq/delete/ HTTP/1.1" 200 0
[2024-08-06 22:01:20,541] [basehttp.py:212] [basehttp:log_message] [INFO]- "DELETE /api/users/qqq/delete/ HTTP/1.1" 204 219
[2024-08-06 22:01:20,596] [basehttp.py:212] [basehttp:log_message] [INFO]- "GET /api/users/?username=&email=&page=1&page_size=10 HTTP/1.1" 200 1437
[2024-08-06 22:01:22,104] [basehttp.py:212] [basehttp:log_message] [INFO]- "OPTIONS /api/users/333/delete/ HTTP/1.1" 200 0
[2024-08-06 22:01:22,144] [basehttp.py:212] [basehttp:log_message] [INFO]- "DELETE /api/users/333/delete/ HTTP/1.1" 204 219
[2024-08-06 22:01:22,206] [basehttp.py:212] [basehttp:log_message] [INFO]- "GET /api/users/?username=&email=&page=1&page_size=10 HTTP/1.1" 200 1213
[2024-08-06 22:01:23,448] [basehttp.py:212] [basehttp:log_message] [INFO]- "OPTIONS /api/users/111/delete/ HTTP/1.1" 200 0
[2024-08-06 22:01:23,492] [basehttp.py:212] [basehttp:log_message] [INFO]- "DELETE /api/users/111/delete/ HTTP/1.1" 204 219
[2024-08-06 22:01:23,540] [basehttp.py:212] [basehttp:log_message] [INFO]- "GET /api/users/?username=&email=&page=1&page_size=10 HTTP/1.1" 200 958
[2024-08-06 22:01:25,130] [basehttp.py:212] [basehttp:log_message] [INFO]- "OPTIONS /api/users/guest/delete/ HTTP/1.1" 200 0
[2024-08-06 22:01:25,184] [basehttp.py:212] [basehttp:log_message] [INFO]- "DELETE /api/users/guest/delete/ HTTP/1.1" 204 225
[2024-08-06 22:01:25,236] [basehttp.py:212] [basehttp:log_message] [INFO]- "GET /api/users/?username=&email=&page=1&page_size=10 HTTP/1.1" 200 728
[2024-08-06 22:01:26,979] [basehttp.py:212] [basehttp:log_message] [INFO]- "OPTIONS /api/users/test/delete/ HTTP/1.1" 200 0
[2024-08-06 22:01:27,018] [basehttp.py:212] [basehttp:log_message] [INFO]- "DELETE /api/users/test/delete/ HTTP/1.1" 204 222
[2024-08-06 22:01:27,051] [basehttp.py:212] [basehttp:log_message] [INFO]- "GET /api/users/?username=&email=&page=1&page_size=10 HTTP/1.1" 200 501
[2024-08-06 22:02:02,692] [basehttp.py:212] [basehttp:log_message] [INFO]- "POST /api/users/create/ HTTP/1.1" 201 218
[2024-08-06 22:02:02,752] [basehttp.py:212] [basehttp:log_message] [INFO]- "GET /api/users/?username=&email=&page=1&page_size=10 HTTP/1.1" 200 759
[2024-08-06 22:02:16,173] [basehttp.py:212] [basehttp:log_message] [INFO]- "GET /api/roles_permissions/ HTTP/1.1" 200 154
[2024-08-06 22:02:16,228] [basehttp.py:212] [basehttp:log_message] [INFO]- "GET /api/users/?username=&email=&page=1&page_size=10 HTTP/1.1" 200 759
[2024-08-06 22:02:38,378] [basehttp.py:212] [basehttp:log_message] [INFO]- "POST /api/users/create/ HTTP/1.1" 201 221
[2024-08-06 22:02:38,476] [basehttp.py:212] [basehttp:log_message] [INFO]- "GET /api/users/?username=&email=&page=1&page_size=10 HTTP/1.1" 200 983
[2024-08-06 22:02:50,231] [basehttp.py:212] [basehttp:log_message] [INFO]- "GET /api/roles_permissions/ HTTP/1.1" 200 154
[2024-08-06 22:02:50,259] [basehttp.py:212] [basehttp:log_message] [INFO]- "GET /api/users/?username=&email=&page=1&page_size=10 HTTP/1.1" 200 983
[2024-08-06 22:03:11,620] [basehttp.py:212] [basehttp:log_message] [INFO]- "OPTIONS /api/users/guest/update/ HTTP/1.1" 200 0
[2024-08-06 22:03:11,680] [basehttp.py:212] [basehttp:log_message] [INFO]- "PUT /api/users/guest/update/ HTTP/1.1" 200 225
[2024-08-06 22:03:11,759] [basehttp.py:212] [basehttp:log_message] [INFO]- "GET /api/users/?username=&email=&page=1&page_size=10 HTTP/1.1" 200 983
[2024-08-06 22:03:28,509] [basehttp.py:212] [basehttp:log_message] [INFO]- "GET /api/roles_permissions/ HTTP/1.1" 200 154
[2024-08-06 22:03:28,541] [basehttp.py:212] [basehttp:log_message] [INFO]- "GET /api/users/?username=&email=&page=1&page_size=10 HTTP/1.1" 200 983
[2024-08-06 22:08:30,387] [autoreload.py:266] [autoreload:trigger_reload] [INFO]- /Users/huk/TuRelay/backend/apps/views/user_list.py changed, reloading.
[2024-08-06 22:08:31,995] [autoreload.py:668] [autoreload:run_with_reloader] [INFO]- Watching for file changes with StatReloader
[2024-08-06 22:08:38,725] [basehttp.py:212] [basehttp:log_message] [INFO]- "GET /api/roles_permissions/ HTTP/1.1" 200 154
[2024-08-06 22:08:38,809] [basehttp.py:212] [basehttp:log_message] [INFO]- "GET /api/users/?username=&email=&page=1&page_size=10 HTTP/1.1" 200 983
[2024-08-06 22:08:42,251] [basehttp.py:212] [basehttp:log_message] [INFO]- "DELETE /api/users/test/delete/ HTTP/1.1" 204 222
[2024-08-06 22:08:42,299] [basehttp.py:212] [basehttp:log_message] [INFO]- "GET /api/users/?username=&email=&page=1&page_size=10 HTTP/1.1" 200 725
[2024-08-06 22:08:44,146] [basehttp.py:212] [basehttp:log_message] [INFO]- "DELETE /api/users/guest/delete/ HTTP/1.1" 204 225
[2024-08-06 22:08:44,174] [basehttp.py:212] [basehttp:log_message] [INFO]- "GET /api/users/?username=&email=&page=1&page_size=10 HTTP/1.1" 200 501
[2024-08-06 22:09:09,390] [basehttp.py:212] [basehttp:log_message] [INFO]- "POST /api/users/create/ HTTP/1.1" 201 218
[2024-08-06 22:09:09,478] [basehttp.py:212] [basehttp:log_message] [INFO]- "GET /api/users/?username=&email=&page=1&page_size=10 HTTP/1.1" 200 728
[2024-08-06 22:09:35,716] [basehttp.py:212] [basehttp:log_message] [INFO]- "OPTIONS /api/users/test/update/ HTTP/1.1" 200 0
[2024-08-06 22:09:35,787] [basehttp.py:212] [basehttp:log_message] [INFO]- "PUT /api/users/test/update/ HTTP/1.1" 200 222
[2024-08-06 22:09:35,867] [basehttp.py:212] [basehttp:log_message] [INFO]- "GET /api/users/?username=&email=&page=1&page_size=10 HTTP/1.1" 200 722
[2024-08-06 22:09:52,858] [basehttp.py:212] [basehttp:log_message] [INFO]- "PUT /api/users/test/update/ HTTP/1.1" 200 222
[2024-08-06 22:09:52,916] [basehttp.py:212] [basehttp:log_message] [INFO]- "GET /api/users/?username=&email=&page=1&page_size=10 HTTP/1.1" 200 722
[2024-08-06 22:11:03,109] [autoreload.py:266] [autoreload:trigger_reload] [INFO]- /Users/huk/TuRelay/backend/apps/views/user_list.py changed, reloading.
[2024-08-06 22:11:03,589] [autoreload.py:668] [autoreload:run_with_reloader] [INFO]- Watching for file changes with StatReloader
[2024-08-06 22:11:08,473] [autoreload.py:266] [autoreload:trigger_reload] [INFO]- /Users/huk/TuRelay/backend/apps/views/user_list.py changed, reloading.
[2024-08-06 22:11:09,317] [autoreload.py:668] [autoreload:run_with_reloader] [INFO]- Watching for file changes with StatReloader
[2024-08-06 22:11:23,739] [basehttp.py:212] [basehttp:log_message] [INFO]- "PUT /api/users/test/update/ HTTP/1.1" 200 222
[2024-08-06 22:11:23,829] [basehttp.py:212] [basehttp:log_message] [INFO]- "GET /api/users/?username=&email=&page=1&page_size=10 HTTP/1.1" 200 722
[2024-08-06 22:11:33,266] [basehttp.py:212] [basehttp:log_message] [INFO]- "PUT /api/users/test/update/ HTTP/1.1" 200 222
[2024-08-06 22:11:33,329] [basehttp.py:212] [basehttp:log_message] [INFO]- "GET /api/users/?username=&email=&page=1&page_size=10 HTTP/1.1" 200 722
[2024-08-06 22:11:45,154] [basehttp.py:212] [basehttp:log_message] [INFO]- "PUT /api/users/test/update/ HTTP/1.1" 200 222
[2024-08-06 22:11:45,208] [basehttp.py:212] [basehttp:log_message] [INFO]- "GET /api/users/?username=&email=&page=1&page_size=10 HTTP/1.1" 200 728
